This file contains any messages produced by compilers while
running configure, to aid debugging if configure makes a mistake.

It was created by configure, which was
generated by GNU Autoconf 2.57.  Invocation command line was

  $ ./configure 

## --------- ##
## Platform. ##
## --------- ##

hostname = S01060080c8f879e3.wp.shawcable.net
uname -m = i386
uname -r = 2
uname -s = OS/2
uname -v = 2.45

/usr/bin/uname -p = unknown
/bin/uname -X     = unknown

/bin/arch              = unknown
/usr/bin/arch -k       = unknown
/usr/convex/getsysinfo = unknown
hostinfo               = unknown
/bin/machine           = unknown
/usr/bin/oslevel       = unknown
/bin/universe          = unknown

PATH: K:\gcc335b1\usr\i386-pc-os2-emx\bin
PATH: K:\gcc335b1\usr\bin
PATH: H:\OS2\APPS\bin
PATH: .
PATH: H:\IBMLAN\NETPROG
PATH: H:\MPTN\BIN
PATH: H:\IBMCOM
PATH: H:\os2tk45\som\common
PATH: H:\os2tk45\som\bin
PATH: H:\os2tk45\bin
PATH: H:\VQ2\PATH
PATH: H:\MUGLIB
PATH: H:\NETSCAPE\PROGRAM
PATH: H:\IBMGSK50\BIN
PATH: H:\IBMGSK40\BIN
PATH: H:\IBMGSK\BIN
PATH: H:\TCPIP\BIN
PATH: H:\OS2
PATH: H:\OS2\SYSTEM
PATH: H:\OS2\MDOS\WINOS2
PATH: H:\OS2\INSTALL
PATH: H:\
PATH: H:\OS2\MDOS
PATH: H:\OS2\APPS
PATH: H:\JAVA11\BIN
PATH: H:\JAVA11\ICATJAVA\BIN
PATH: H:\MMOS2
PATH: H:\IBMINST
PATH: H:\EMX\BIN
PATH: H:\GPFREXX\BIN
PATH: H:\SQLLIB\BIN
PATH: H:\SQLLIB\ALT
PATH: H:\NETQOS2
PATH: D:\PROCVS\CVS\BIN
PATH: H:\NDFS
PATH: H:\CDWFS
PATH: M:\XDS\BIN
PATH: h:\ae
PATH: H:\IBMCOBOL\BIN
PATH: H:\IBMCOBOL\HELP
PATH: m:\usr\bin
PATH: M:\Toolkit\Beta\Bin
PATH: H:\watcom\binp
PATH: H:\watcom\binw
PATH: H:\Office51
PATH: k:\perl\bin
PATH: .


## ----------- ##
## Core tests. ##
## ----------- ##

configure:1390: creating cache /dev/null
configure:1509: checking for a BSD-compatible install
configure:1563: result: ./install-sh -c
configure:1574: checking whether build environment is sane
configure:1617: result: yes
configure:1650: checking for gawk
configure:1679: result: no
configure:1650: checking for mawk
configure:1679: result: no
configure:1650: checking for nawk
configure:1679: result: no
configure:1650: checking for awk
configure:1679: result: no
configure:1686: checking whether make sets $(MAKE)
configure:1710: result: no
configure:1842: checking whether to enable maintainer-specific portions of Makefiles
configure:1851: result: no
configure:1873: checking whether build environment is sane
configure:1916: result: yes
configure:2052: checking for gcc
configure:2078: result: gcc.exe
configure:2322: checking for C compiler version
configure:2325: gcc.exe --version </dev/null >&5
gcc.exe (GCC) 3.3.5 (Innotek Build 2004-11-24 01:02)
Copyright (C) 2003 Free Software Foundation, Inc.
This is free software; see the source for copying conditions.  There is NO
warranty; not even for MERCHANTABILITY or FITNESS FOR A PARTICULAR PURPOSE.

configure:2328: $? = 0
configure:2330: gcc.exe -v </dev/null >&5
Reading specs from K:/gcc335b1/usr/lib/gcc-lib/i386-pc-os2-emx/3.3.5/specs
Configured with: G:/GCCOS2/TREE/src/gcc/configure --enable-clh --enable-threads=os2 --enable-shared=libgcc,bfd,opcodes --enable-nls --without-included-gettext --with-local-prefix=G:/GCCOS2/TREE/TOOLS/x86.os2/gcc/staged --prefix=/gcc --with-gnu-as --disable-libgcj --enable-languages=c,c++
Thread model: os2
gcc version 3.3.5 (Innotek Build 2004-11-24 01:02)
configure:2333: $? = 0
configure:2335: gcc.exe -V </dev/null >&5
gcc.exe: `-V' must come at the start of the command line
configure:2338: $? = 1
configure:2362: checking for C compiler default output
configure:2365: gcc.exe    conftest.c  >&5
configure:2368: $? = 0
configure:2414: result: conftest.exe
configure:2419: checking whether the C compiler works
configure:2425: ./conftest.exe
configure:2428: $? = 0
configure:2445: result: yes
configure:2452: checking whether we are cross compiling
configure:2454: result: no
configure:2457: checking for suffix of executables
configure:2459: gcc.exe -o conftest.exe    conftest.c  >&5
configure:2462: $? = 0
configure:2487: result: .exe
configure:2493: checking for suffix of object files
configure:2515: gcc.exe -c   conftest.c >&5
configure:2518: $? = 0
configure:2540: result: o
configure:2544: checking whether we are using the GNU C compiler
configure:2569: gcc.exe -c   conftest.c >&5
configure:2572: $? = 0
configure:2575: test -s conftest.o
configure:2578: $? = 0
configure:2591: result: yes
configure:2597: checking whether gcc.exe accepts -g
configure:2619: gcc.exe -c -g  conftest.c >&5
configure:2622: $? = 0
configure:2625: test -s conftest.o
configure:2628: $? = 0
configure:2639: result: yes
configure:2656: checking for gcc.exe option to accept ANSI C
configure:2717: gcc.exe  -c -g -O2  conftest.c >&5
configure:2720: $? = 0
configure:2723: test -s conftest.o
configure:2726: $? = 0
configure:2744: result: none needed
configure:2762: gcc.exe -c -g -O2  conftest.c >&5
conftest.c:2: error: parse error before "me"
configure:2765: $? = 1
configure: failed program was:
| #ifndef __cplusplus
|   choke me
| #endif
configure:2893: checking for style of include used by make
configure:2921: result: GNU
configure:2949: checking dependency style of gcc.exe
configure:3011: result: gcc3
configure:3021: checking how to run the C preprocessor
configure:3057: gcc.exe -E  conftest.c
configure:3063: $? = 0
configure:3095: gcc.exe -E  conftest.c
configure:3098:28: ac_nonexistent.h: No such file or directory
configure:3101: $? = 1
configure: failed program was:
| #line 3087 "configure"
| /* confdefs.h.  */
| 
| #define PACKAGE_NAME ""
| #define PACKAGE_TARNAME ""
| #define PACKAGE_VERSION ""
| #define PACKAGE_STRING ""
| #define PACKAGE_BUGREPORT ""
| #define SP_MULTI_BYTE 1
| #define SP_PACKAGE "OpenSP"
| #define SP_VERSION "1.5.1"
| /* end confdefs.h.  */
| #include <ac_nonexistent.h>
configure:3139: result: gcc.exe -E
configure:3164: gcc.exe -E  conftest.c
configure:3170: $? = 0
configure:3202: gcc.exe -E  conftest.c
configure:3205:28: ac_nonexistent.h: No such file or directory
configure:3208: $? = 1
configure: failed program was:
| #line 3194 "configure"
| /* confdefs.h.  */
| 
| #define PACKAGE_NAME ""
| #define PACKAGE_TARNAME ""
| #define PACKAGE_VERSION ""
| #define PACKAGE_STRING ""
| #define PACKAGE_BUGREPORT ""
| #define SP_MULTI_BYTE 1
| #define SP_PACKAGE "OpenSP"
| #define SP_VERSION "1.5.1"
| /* end confdefs.h.  */
| #include <ac_nonexistent.h>
configure:3302: checking for g++
configure:3331: result: no
configure:3302: checking for c++
configure:3331: result: no
configure:3302: checking for gpp
configure:3331: result: no
configure:3302: checking for aCC
configure:3331: result: no
configure:3302: checking for CC
configure:3331: result: no
configure:3302: checking for cxx
configure:3331: result: no
configure:3302: checking for cc++
configure:3331: result: no
configure:3302: checking for cl
configure:3331: result: no
configure:3302: checking for FCC
configure:3331: result: no
configure:3302: checking for KCC
configure:3331: result: no
configure:3302: checking for RCC
configure:3331: result: no
configure:3302: checking for xlC_r
configure:3331: result: no
configure:3302: checking for xlC
configure:3331: result: no
configure:3344: checking for C++ compiler version
configure:3347: g++ --version </dev/null >&5
g++ (GCC) 3.3.5 (Innotek Build 2004-11-24 01:02)
Copyright (C) 2003 Free Software Foundation, Inc.
This is free software; see the source for copying conditions.  There is NO
warranty; not even for MERCHANTABILITY or FITNESS FOR A PARTICULAR PURPOSE.

configure:3350: $? = 0
configure:3352: g++ -v </dev/null >&5
Reading specs from K:/gcc335b1/usr/lib/gcc-lib/i386-pc-os2-emx/3.3.5/specs
Configured with: G:/GCCOS2/TREE/src/gcc/configure --enable-clh --enable-threads=os2 --enable-shared=libgcc,bfd,opcodes --enable-nls --without-included-gettext --with-local-prefix=G:/GCCOS2/TREE/TOOLS/x86.os2/gcc/staged --prefix=/gcc --with-gnu-as --disable-libgcj --enable-languages=c,c++
Thread model: os2
gcc version 3.3.5 (Innotek Build 2004-11-24 01:02)
g++: no input files, try "g++ --help"
configure:3355: $? = 1
configure:3357: g++ -V </dev/null >&5
g++: argument to `-V' missing

configure:3360: $? = 1
configure:3363: checking whether we are using the GNU C++ compiler
configure:3388: g++ -c   conftest.cc >&5
configure:3391: $? = 0
configure:3394: test -s conftest.o
configure:3397: $? = 0
configure:3410: result: yes
configure:3416: checking whether g++ accepts -g
configure:3438: g++ -c -g  conftest.cc >&5
configure:3441: $? = 0
configure:3444: test -s conftest.o
configure:3447: $? = 0
configure:3458: result: yes
configure:3502: g++ -c -g -O2  conftest.cc >&5
configure:3505: $? = 0
configure:3508: test -s conftest.o
configure:3511: $? = 0
configure:3538: g++ -c -g -O2  conftest.cc >&5
configure: In function `int main()':
configure:3537: error: `exit' undeclared (first use this function)
configure:3537: error: (Each undeclared identifier is reported only once for 
   each function it appears in.)
configure:3541: $? = 1
configure: failed program was:
| #line 3522 "configure"
| /* confdefs.h.  */
| 
| #define PACKAGE_NAME ""
| #define PACKAGE_TARNAME ""
| #define PACKAGE_VERSION ""
| #define PACKAGE_STRING ""
| #define PACKAGE_BUGREPORT ""
| #define SP_MULTI_BYTE 1
| #define SP_PACKAGE "OpenSP"
| #define SP_VERSION "1.5.1"
| /* end confdefs.h.  */
| 
| int
| main ()
| {
| exit (42);
|   ;
|   return 0;
| }
configure:3502: g++ -c -g -O2  conftest.cc >&5
configure:3505: $? = 0
configure:3508: test -s conftest.o
configure:3511: $? = 0
configure:3538: g++ -c -g -O2  conftest.cc >&5
configure:3541: $? = 0
configure:3544: test -s conftest.o
configure:3547: $? = 0
configure:3572: checking dependency style of g++
configure:3634: result: gcc3
configure:3644: checking how to run the C++ preprocessor
configure:3676: g++ -E  conftest.cc
configure:3682: $? = 0
configure:3714: g++ -E  conftest.cc
configure:3720:28: ac_nonexistent.h: No such file or directory
configure:3720: $? = 1
configure: failed program was:
| #line 3706 "configure"
| /* confdefs.h.  */
| 
| #define PACKAGE_NAME ""
| #define PACKAGE_TARNAME ""
| #define PACKAGE_VERSION ""
| #define PACKAGE_STRING ""
| #define PACKAGE_BUGREPORT ""
| #define SP_MULTI_BYTE 1
| #define SP_PACKAGE "OpenSP"
| #define SP_VERSION "1.5.1"
| #ifdef __cplusplus
| #include <stdlib.h>
| #endif
| /* end confdefs.h.  */
| #include <ac_nonexistent.h>
configure:3758: result: g++ -E
configure:3783: g++ -E  conftest.cc
configure:3789: $? = 0
configure:3821: g++ -E  conftest.cc
configure:3827:28: ac_nonexistent.h: No such file or directory
configure:3827: $? = 1
configure: failed program was:
| #line 3813 "configure"
| /* confdefs.h.  */
| 
| #define PACKAGE_NAME ""
| #define PACKAGE_TARNAME ""
| #define PACKAGE_VERSION ""
| #define PACKAGE_STRING ""
| #define PACKAGE_BUGREPORT ""
| #define SP_MULTI_BYTE 1
| #define SP_PACKAGE "OpenSP"
| #define SP_VERSION "1.5.1"
| #ifdef __cplusplus
| #include <stdlib.h>
| #endif
| /* end confdefs.h.  */
| #include <ac_nonexistent.h>
configure:3881: checking for a BSD-compatible install
configure:3935: result: ./install-sh -c
configure:3946: checking whether ln -s works
configure:3953: result: no, using cp -p
configure:3957: checking whether make sets $(MAKE)
configure:3981: result: no
configure:3990: checking for perl
configure:4023: result: no
configure:4103: checking build system type
configure:4121: result: i386-pc-os2-emx
configure:4129: checking host system type
configure:4143: result: i386-pc-os2-emx
configure:4173: checking for ld used by GCC
configure:4236: result: K:/gcc335b1/usr/i386-pc-os2-emx/bin/ld.exe
configure:4245: checking if the linker (K:/gcc335b1/usr/i386-pc-os2-emx/bin/ld.exe) is GNU ld
configure:4257: result: no
configure:4262: checking for K:/gcc335b1/usr/i386-pc-os2-emx/bin/ld.exe option to reload object files
configure:4269: result: -r
configure:4274: checking for BSD-compatible nm
configure:4310: result: K:\gcc335b1\usr\i386-pc-os2-emx\bin/nm -B
configure:4313: checking for a sed that does not truncate output
configure:4395: result: 
configure:4398: checking how to recognise dependent libraries
configure:4579: result: unknown
configure:4592: checking command to parse K:\gcc335b1\usr\i386-pc-os2-emx\bin/nm -B output
configure:4676: gcc.exe -c -g -O2  conftest.c >&5
configure:4679: $? = 0
configure:4683: K:\gcc335b1\usr\i386-pc-os2-emx\bin/nm -B conftest.o \| sed -n -e 's/^.*[ 	]\([ABCDGISTW][ABCDGISTW]*\)[ 	][ 	]*\(\)\([_A-Za-z][_A-Za-z0-9]*\)$/\1 \2\3 \3/p' \> conftest.nm
eval: K:gcc335b1usri386-pc-os2-emxbin/nm: No such file or directory
configure:4686: $? = 0
cannot run sed -n -e 's/^.*[ 	]\([ABCDGISTW][ABCDGISTW]*\)[ 	][ 	]*\(\)\([_A-Za-z][_A-Za-z0-9]*\)$/\1 \2\3 \3/p'
configure:4676: gcc.exe -c -g -O2  conftest.c >&5
configure:4679: $? = 0
configure:4683: K:\gcc335b1\usr\i386-pc-os2-emx\bin/nm -B conftest.o \| sed -n -e 's/^.*[ 	]\([ABCDGISTW][ABCDGISTW]*\)[ 	][ 	]*\(_\)\([_A-Za-z][_A-Za-z0-9]*\)$/\1 \2\3 \3/p' \> conftest.nm
eval: K:gcc335b1usri386-pc-os2-emxbin/nm: No such file or directory
configure:4686: $? = 0
cannot run sed -n -e 's/^.*[ 	]\([ABCDGISTW][ABCDGISTW]*\)[ 	][ 	]*\(_\)\([_A-Za-z][_A-Za-z0-9]*\)$/\1 \2\3 \3/p'
configure:4782: result: failed
configure:4790: checking for egrep
configure:4800: result: grep -E
configure:4805: checking for ANSI C header files
configure:4831: gcc.exe -c -g -O2  conftest.c >&5
configure:4834: $? = 0
configure:4837: test -s conftest.o
configure:4840: $? = 0
configure:4932: gcc.exe -o conftest.exe -g -O2   conftest.c  >&5
configure:4935: $? = 0
configure:4937: ./conftest.exe
configure:4940: $? = 0
configure:4955: result: yes
configure:4979: checking for sys/types.h
configure:4996: gcc.exe -c -g -O2  conftest.c >&5
configure:4999: $? = 0
configure:5002: test -s conftest.o
configure:5005: $? = 0
configure:5016: result: yes
configure:4979: checking for sys/stat.h
configure:4996: gcc.exe -c -g -O2  conftest.c >&5
configure:4999: $? = 0
configure:5002: test -s conftest.o
configure:5005: $? = 0
configure:5016: result: yes
configure:4979: checking for stdlib.h
configure:4996: gcc.exe -c -g -O2  conftest.c >&5
configure:4999: $? = 0
configure:5002: test -s conftest.o
configure:5005: $? = 0
configure:5016: result: yes
configure:4979: checking for string.h
configure:4996: gcc.exe -c -g -O2  conftest.c >&5
configure:4999: $? = 0
configure:5002: test -s conftest.o
configure:5005: $? = 0
configure:5016: result: yes
configure:4979: checking for memory.h
configure:4996: gcc.exe -c -g -O2  conftest.c >&5
configure:4999: $? = 0
configure:5002: test -s conftest.o
configure:5005: $? = 0
configure:5016: result: yes
configure:4979: checking for strings.h
configure:4996: gcc.exe -c -g -O2  conftest.c >&5
configure:4999: $? = 0
configure:5002: test -s conftest.o
configure:5005: $? = 0
configure:5016: result: yes
configure:4979: checking for inttypes.h
configure:4996: gcc.exe -c -g -O2  conftest.c >&5
configure:4999: $? = 0
configure:5002: test -s conftest.o
configure:5005: $? = 0
configure:5016: result: yes
configure:4979: checking for stdint.h
configure:4996: gcc.exe -c -g -O2  conftest.c >&5
configure:4999: $? = 0
configure:5002: test -s conftest.o
configure:5005: $? = 0
configure:5016: result: yes
configure:4979: checking for unistd.h
configure:4996: gcc.exe -c -g -O2  conftest.c >&5
configure:4999: $? = 0
configure:5002: test -s conftest.o
configure:5005: $? = 0
configure:5016: result: yes
configure:5042: checking dlfcn.h usability
configure:5055: gcc.exe -c -g -O2  conftest.c >&5
configure:5058: $? = 0
configure:5061: test -s conftest.o
configure:5064: $? = 0
configure:5074: result: yes
configure:5078: checking dlfcn.h presence
configure:5089: gcc.exe -E  conftest.c
configure:5095: $? = 0
configure:5114: result: yes
configure:5150: checking for dlfcn.h
configure:5157: result: yes
configure:5355: checking for ranlib
configure:5382: result: :
configure:5435: checking for strip
configure:5462: result: :
configure:5672: checking for objdir
configure:5683: result: .libs
configure:5700: checking for gcc.exe option to produce PIC
configure:5846: result: -DDLL_EXPORT
configure:5850: checking if gcc.exe PIC flag -DDLL_EXPORT works
configure:5874: gcc.exe -c -g -O2 -DDLL_EXPORT -DPIC  conftest.c >&5
configure:5877: $? = 0
configure:5880: test -s conftest.o
configure:5883: $? = 0
configure:5921: result: yes
configure:5937: checking if gcc.exe static flag -static works
configure:5962: gcc.exe -o conftest.exe -g -O2   -static conftest.c  >&5
K:/gcc335b1/usr/lib/libc_s.a(signals.o): Undefined symbol ___libc_back_signalOS2V1Handler16bit referenced from text segment
K:/gcc335b1/usr/lib/libc_s.a(signals.o): Undefined symbol ___libc_back_signalOS2V1Handler16bit referenced from text segment
configure:5965: $? = 1
configure: failed program was:
| #line 5946 "configure"
| /* confdefs.h.  */
| 
| #define PACKAGE_NAME ""
| #define PACKAGE_TARNAME ""
| #define PACKAGE_VERSION ""
| #define PACKAGE_STRING ""
| #define PACKAGE_BUGREPORT ""
| #define SP_MULTI_BYTE 1
| #define SP_PACKAGE "OpenSP"
| #define SP_VERSION "1.5.1"
| #ifdef __cplusplus
| #include <stdlib.h>
| #endif
| #define STDC_HEADERS 1
| #define HAVE_SYS_TYPES_H 1
| #define HAVE_SYS_STAT_H 1
| #define HAVE_STDLIB_H 1
| #define HAVE_STRING_H 1
| #define HAVE_MEMORY_H 1
| #define HAVE_STRINGS_H 1
| #define HAVE_INTTYPES_H 1
| #define HAVE_STDINT_H 1
| #define HAVE_UNISTD_H 1
| #define HAVE_DLFCN_H 1
| /* end confdefs.h.  */
| 
| int
| main ()
| {
| 
|   ;
|   return 0;
| }
configure:5987: result: no
configure:5999: checking if gcc.exe supports -c -o file.o
configure:6019: gcc.exe -c -g -O2 -o out/conftest2.o  conftest.c >&5
configure:6043: result: yes
configure:6048: checking if gcc.exe supports -c -o file.lo
configure:6076: gcc.exe -c -g -O2 -c -o conftest.lo  conftest.c >&5
configure:6079: $? = 0
configure:6082: test -s conftest.lo
configure:6085: $? = 0
configure:6107: result: yes
configure:6138: checking if gcc.exe supports -fno-rtti -fno-exceptions
configure:6161: gcc.exe -c -g -O2 -fno-rtti -fno-exceptions -c conftest.c  conftest.c >&5
cc1.exe: warning: "-fno-rtti" is valid for C++ but not for C/ObjC
cc1.exe: warning: "-fno-rtti" is valid for C++ but not for C/ObjC
configure:6164: $? = 0
configure:6167: test -s conftest.o
configure:6170: $? = 0
configure:6187: result: yes
configure:6198: checking whether the linker (K:/gcc335b1/usr/i386-pc-os2-emx/bin/ld.exe) supports shared libraries
configure:6893: result: yes
configure:6898: checking how to hardcode library paths into programs
configure:6922: result: immediate
configure:6927: checking whether stripping libraries is possible
configure:6935: result: no
configure:6943: checking dynamic linker characteristics
configure:7374: result: OS/2 ld.exe
configure:7379: checking if libtool supports shared libraries
configure:7381: result: yes
configure:7384: checking whether to build shared libraries
configure:7405: result: yes
configure:7408: checking whether to build static libraries
configure:7412: result: yes
configure:8702: checking for pthread_create in -lpthread
configure:8733: gcc.exe -o conftest.exe -g -O2   conftest.c -lpthread   >&5
K:/gcc335b1/usr/i386-pc-os2-emx/bin/ld.exe: No such file or directory for pthread
configure:8736: $? = 1
configure: failed program was:
| #line 8710 "configure"
| /* confdefs.h.  */
| 
| #define PACKAGE_NAME ""
| #define PACKAGE_TARNAME ""
| #define PACKAGE_VERSION ""
| #define PACKAGE_STRING ""
| #define PACKAGE_BUGREPORT ""
| #define SP_MULTI_BYTE 1
| #define SP_PACKAGE "OpenSP"
| #define SP_VERSION "1.5.1"
| #ifdef __cplusplus
| #include <stdlib.h>
| #endif
| #define STDC_HEADERS 1
| #define HAVE_SYS_TYPES_H 1
| #define HAVE_SYS_STAT_H 1
| #define HAVE_STDLIB_H 1
| #define HAVE_STRING_H 1
| #define HAVE_MEMORY_H 1
| #define HAVE_STRINGS_H 1
| #define HAVE_INTTYPES_H 1
| #define HAVE_STDINT_H 1
| #define HAVE_UNISTD_H 1
| #define HAVE_DLFCN_H 1
| /* end confdefs.h.  */
| 
| /* Override any gcc2 internal prototype to avoid an error.  */
| #ifdef __cplusplus
| extern "C"
| #endif
| /* We use char because int might match the return type of a gcc2
|    builtin and then its argument prototype would still apply.  */
| char pthread_create ();
| int
| main ()
| {
| pthread_create ();
|   ;
|   return 0;
| }
configure:8754: result: no
configure:8765: checking for cthread_fork in -lthreads
configure:8796: gcc.exe -o conftest.exe -g -O2   conftest.c -lthreads   >&5
K:/gcc335b1/usr/i386-pc-os2-emx/bin/ld.exe: No such file or directory for threads
configure:8799: $? = 1
configure: failed program was:
| #line 8773 "configure"
| /* confdefs.h.  */
| 
| #define PACKAGE_NAME ""
| #define PACKAGE_TARNAME ""
| #define PACKAGE_VERSION ""
| #define PACKAGE_STRING ""
| #define PACKAGE_BUGREPORT ""
| #define SP_MULTI_BYTE 1
| #define SP_PACKAGE "OpenSP"
| #define SP_VERSION "1.5.1"
| #ifdef __cplusplus
| #include <stdlib.h>
| #endif
| #define STDC_HEADERS 1
| #define HAVE_SYS_TYPES_H 1
| #define HAVE_SYS_STAT_H 1
| #define HAVE_STDLIB_H 1
| #define HAVE_STRING_H 1
| #define HAVE_MEMORY_H 1
| #define HAVE_STRINGS_H 1
| #define HAVE_INTTYPES_H 1
| #define HAVE_STDINT_H 1
| #define HAVE_UNISTD_H 1
| #define HAVE_DLFCN_H 1
| /* end confdefs.h.  */
| 
| /* Override any gcc2 internal prototype to avoid an error.  */
| #ifdef __cplusplus
| extern "C"
| #endif
| /* We use char because int might match the return type of a gcc2
|    builtin and then its argument prototype would still apply.  */
| char cthread_fork ();
| int
| main ()
| {
| cthread_fork ();
|   ;
|   return 0;
| }
configure:8817: result: no
configure:8847: checking for msgfmt
configure:8878: result: no
configure:8884: checking for gmsgfmt
configure:8915: result: :
configure:8925: checking for xgettext
configure:8956: result: no
configure:8964: checking for msgmerge
configure:8994: result: no
configure:9067: checking for ranlib
configure:9094: result: :
configure:9107: checking for strerror in -lcposix
configure:9138: gcc.exe -o conftest.exe -g -O2   conftest.c -lcposix   >&5
K:/gcc335b1/usr/i386-pc-os2-emx/bin/ld.exe: No such file or directory for cposix
configure:9141: $? = 1
configure: failed program was:
| #line 9115 "configure"
| /* confdefs.h.  */
| 
| #define PACKAGE_NAME ""
| #define PACKAGE_TARNAME ""
| #define PACKAGE_VERSION ""
| #define PACKAGE_STRING ""
| #define PACKAGE_BUGREPORT ""
| #define SP_MULTI_BYTE 1
| #define SP_PACKAGE "OpenSP"
| #define SP_VERSION "1.5.1"
| #ifdef __cplusplus
| #include <stdlib.h>
| #endif
| #define STDC_HEADERS 1
| #define HAVE_SYS_TYPES_H 1
| #define HAVE_SYS_STAT_H 1
| #define HAVE_STDLIB_H 1
| #define HAVE_STRING_H 1
| #define HAVE_MEMORY_H 1
| #define HAVE_STRINGS_H 1
| #define HAVE_INTTYPES_H 1
| #define HAVE_STDINT_H 1
| #define HAVE_UNISTD_H 1
| #define HAVE_DLFCN_H 1
| /* end confdefs.h.  */
| 
| /* Override any gcc2 internal prototype to avoid an error.  */
| #ifdef __cplusplus
| extern "C"
| #endif
| /* We use char because int might match the return type of a gcc2
|    builtin and then its argument prototype would still apply.  */
| char strerror ();
| int
| main ()
| {
| strerror ();
|   ;
|   return 0;
| }
configure:9159: result: no
configure:9167: checking for an ANSI C-conforming const
configure:9235: gcc.exe -c -g -O2  conftest.c >&5
configure:9238: $? = 0
configure:9241: test -s conftest.o
configure:9244: $? = 0
configure:9255: result: yes
configure:9265: checking for inline
configure:9287: gcc.exe -c -g -O2  conftest.c >&5
configure:9290: $? = 0
configure:9293: test -s conftest.o
configure:9296: $? = 0
configure:9308: result: inline
configure:9323: checking for off_t
configure:9348: gcc.exe -c -g -O2  conftest.c >&5
configure:9351: $? = 0
configure:9354: test -s conftest.o
configure:9357: $? = 0
configure:9368: result: yes
configure:9380: checking for size_t
configure:9405: gcc.exe -c -g -O2  conftest.c >&5
configure:9408: $? = 0
configure:9411: test -s conftest.o
configure:9414: $? = 0
configure:9425: result: yes
configure:9439: checking for working alloca.h
configure:9461: gcc.exe -o conftest.exe -g -O2   conftest.c  >&5
configure:9464: $? = 0
configure:9467: test -s conftest.exe
configure:9470: $? = 0
configure:9481: result: yes
configure:9491: checking for alloca
configure:9533: gcc.exe -o conftest.exe -g -O2   conftest.c  >&5
configure:9536: $? = 0
configure:9539: test -s conftest.exe
configure:9542: $? = 0
configure:9553: result: yes
configure:9766: checking for stdlib.h
configure:9771: result: yes
configure:9766: checking for unistd.h
configure:9771: result: yes
configure:9907: checking for getpagesize
configure:9957: gcc.exe -o conftest.exe -g -O2   conftest.c  >&5
configure:9960: $? = 0
configure:9963: test -s conftest.exe
configure:9966: $? = 0
configure:9977: result: yes
configure:9987: checking for working mmap
configure:10130: gcc.exe -o conftest.exe -g -O2   conftest.c  >&5
configure: In function `main':
configure:10163: error: `MAP_PRIVATE' undeclared (first use in this function)
configure:10163: error: (Each undeclared identifier is reported only once
configure:10163: error: for each function it appears in.)
configure:10163: error: `MAP_FIXED' undeclared (first use in this function)
configure:10133: $? = 1
configure: program exited with status 1
configure: failed program was:
| #line 9996 "configure"
| /* confdefs.h.  */
| 
| #define PACKAGE_NAME ""
| #define PACKAGE_TARNAME ""
| #define PACKAGE_VERSION ""
| #define PACKAGE_STRING ""
| #define PACKAGE_BUGREPORT ""
| #define SP_MULTI_BYTE 1
| #define SP_PACKAGE "OpenSP"
| #define SP_VERSION "1.5.1"
| #ifdef __cplusplus
| #include <stdlib.h>
| #endif
| #define STDC_HEADERS 1
| #define HAVE_SYS_TYPES_H 1
| #define HAVE_SYS_STAT_H 1
| #define HAVE_STDLIB_H 1
| #define HAVE_STRING_H 1
| #define HAVE_MEMORY_H 1
| #define HAVE_STRINGS_H 1
| #define HAVE_INTTYPES_H 1
| #define HAVE_STDINT_H 1
| #define HAVE_UNISTD_H 1
| #define HAVE_DLFCN_H 1
| #define HAVE_ALLOCA_H 1
| #define HAVE_ALLOCA 1
| #define HAVE_STDLIB_H 1
| #define HAVE_UNISTD_H 1
| #define HAVE_GETPAGESIZE 1
| /* end confdefs.h.  */
| #include <stdio.h>
| #if HAVE_SYS_TYPES_H
| # include <sys/types.h>
| #endif
| #if HAVE_SYS_STAT_H
| # include <sys/stat.h>
| #endif
| #if STDC_HEADERS
| # include <stdlib.h>
| # include <stddef.h>
| #else
| # if HAVE_STDLIB_H
| #  include <stdlib.h>
| # endif
| #endif
| #if HAVE_STRING_H
| # if !STDC_HEADERS && HAVE_MEMORY_H
| #  include <memory.h>
| # endif
| # include <string.h>
| #endif
| #if HAVE_STRINGS_H
| # include <strings.h>
| #endif
| #if HAVE_INTTYPES_H
| # include <inttypes.h>
| #else
| # if HAVE_STDINT_H
| #  include <stdint.h>
| # endif
| #endif
| #if HAVE_UNISTD_H
| # include <unistd.h>
| #endif
| /* malloc might have been renamed as rpl_malloc. */
| #undef malloc
| 
| /* Thanks to Mike Haertel and Jim Avera for this test.
|    Here is a matrix of mmap possibilities:
| 	mmap private not fixed
| 	mmap private fixed at somewhere currently unmapped
| 	mmap private fixed at somewhere already mapped
| 	mmap shared not fixed
| 	mmap shared fixed at somewhere currently unmapped
| 	mmap shared fixed at somewhere already mapped
|    For private mappings, we should verify that changes cannot be read()
|    back from the file, nor mmap's back from the file at a different
|    address.  (There have been systems where private was not correctly
|    implemented like the infamous i386 svr4.0, and systems where the
|    VM page cache was not coherent with the file system buffer cache
|    like early versions of FreeBSD and possibly contemporary NetBSD.)
|    For shared mappings, we should conversely verify that changes get
|    propagated back to all the places they're supposed to be.
| 
|    Grep wants private fixed already mapped.
|    The main things grep needs to know about mmap are:
|    * does it exist and is it safe to write into the mmap'd area
|    * how to use it (BSD variants)  */
| 
| #include <fcntl.h>
| #include <sys/mman.h>
| 
| #if !STDC_HEADERS && !HAVE_STDLIB_H
| char *malloc ();
| #endif
| 
| /* This mess was copied from the GNU getpagesize.h.  */
| #if !HAVE_GETPAGESIZE
| /* Assume that all systems that can run configure have sys/param.h.  */
| # if !HAVE_SYS_PARAM_H
| #  define HAVE_SYS_PARAM_H 1
| # endif
| 
| # ifdef _SC_PAGESIZE
| #  define getpagesize() sysconf(_SC_PAGESIZE)
| # else /* no _SC_PAGESIZE */
| #  if HAVE_SYS_PARAM_H
| #   include <sys/param.h>
| #   ifdef EXEC_PAGESIZE
| #    define getpagesize() EXEC_PAGESIZE
| #   else /* no EXEC_PAGESIZE */
| #    ifdef NBPG
| #     define getpagesize() NBPG * CLSIZE
| #     ifndef CLSIZE
| #      define CLSIZE 1
| #     endif /* no CLSIZE */
| #    else /* no NBPG */
| #     ifdef NBPC
| #      define getpagesize() NBPC
| #     else /* no NBPC */
| #      ifdef PAGESIZE
| #       define getpagesize() PAGESIZE
| #      endif /* PAGESIZE */
| #     endif /* no NBPC */
| #    endif /* no NBPG */
| #   endif /* no EXEC_PAGESIZE */
| #  else /* no HAVE_SYS_PARAM_H */
| #   define getpagesize() 8192	/* punt totally */
| #  endif /* no HAVE_SYS_PARAM_H */
| # endif /* no _SC_PAGESIZE */
| 
| #endif /* no HAVE_GETPAGESIZE */
| 
| int
| main ()
| {
|   char *data, *data2, *data3;
|   int i, pagesize;
|   int fd;
| 
|   pagesize = getpagesize ();
| 
|   /* First, make a file with some known garbage in it. */
|   data = (char *) malloc (pagesize);
|   if (!data)
|     exit (1);
|   for (i = 0; i < pagesize; ++i)
|     *(data + i) = rand ();
|   umask (0);
|   fd = creat ("conftest.mmap", 0600);
|   if (fd < 0)
|     exit (1);
|   if (write (fd, data, pagesize) != pagesize)
|     exit (1);
|   close (fd);
| 
|   /* Next, try to mmap the file at a fixed address which already has
|      something else allocated at it.  If we can, also make sure that
|      we see the same garbage.  */
|   fd = open ("conftest.mmap", O_RDWR);
|   if (fd < 0)
|     exit (1);
|   data2 = (char *) malloc (2 * pagesize);
|   if (!data2)
|     exit (1);
|   data2 += (pagesize - ((int) data2 & (pagesize - 1))) & (pagesize - 1);
|   if (data2 != mmap (data2, pagesize, PROT_READ | PROT_WRITE,
|                      MAP_PRIVATE | MAP_FIXED, fd, 0L))
|     exit (1);
|   for (i = 0; i < pagesize; ++i)
|     if (*(data + i) != *(data2 + i))
|       exit (1);
| 
|   /* Finally, make sure that changes to the mapped area do not
|      percolate back to the file as seen by read().  (This is a bug on
|      some variants of i386 svr4.0.)  */
|   for (i = 0; i < pagesize; ++i)
|     *(data2 + i) = *(data2 + i) + 1;
|   data3 = (char *) malloc (pagesize);
|   if (!data3)
|     exit (1);
|   if (read (fd, data3, pagesize) != pagesize)
|     exit (1);
|   for (i = 0; i < pagesize; ++i)
|     if (*(data + i) != *(data3 + i))
|       exit (1);
|   close (fd);
|   exit (0);
| }
configure:10152: result: no
configure:10164: checking whether we are using the GNU C Library 2.1 or newer
configure:10196: result: no
configure:10204: checking whether integer division by zero raises SIGFPE
configure:10267: gcc.exe -o conftest.exe -g -O2   conftest.c  >&5
configure:10270: warning: built-in function `nan' declared as non-function
configure:10270: $? = 0
configure:10272: ./conftest.exe
configure:10275: $? = 0
configure:10290: result: yes
configure:10303: checking for inttypes.h
configure:10326: gcc.exe -c -g -O2  conftest.c >&5
configure:10329: $? = 0
configure:10332: test -s conftest.o
configure:10335: $? = 0
configure:10346: result: yes
configure:10357: checking for stdint.h
configure:10380: gcc.exe -c -g -O2  conftest.c >&5
configure:10383: $? = 0
configure:10386: test -s conftest.o
configure:10389: $? = 0
configure:10400: result: yes
configure:10411: checking for unsigned long long
configure:10434: gcc.exe -o conftest.exe -g -O2   conftest.c  >&5
configure:10437: $? = 0
configure:10440: test -s conftest.exe
configure:10443: $? = 0
configure:10454: result: yes
configure:10480: checking for inttypes.h
configure:10504: gcc.exe -c -g -O2  conftest.c >&5
configure:10507: $? = 0
configure:10510: test -s conftest.o
configure:10513: $? = 0
configure:10525: result: yes
configure:10538: checking whether the inttypes.h PRIxNN macros are broken
configure:10565: gcc.exe -c -g -O2  conftest.c >&5
configure:10568: $? = 0
configure:10571: test -s conftest.o
configure:10574: $? = 0
configure:10586: result: no
configure:10624: checking for ld used by GCC
configure:10687: result: K:/gcc335b1/usr/i386-pc-os2-emx/bin/ld.exe
configure:10696: checking if the linker (K:/gcc335b1/usr/i386-pc-os2-emx/bin/ld.exe) is GNU ld
configure:10708: result: no
configure:10714: checking for shared library run path origin
configure:10727: result: done
configure:11155: checking argz.h usability
configure:11168: gcc.exe -c -g -O2  conftest.c >&5
configure:11171: $? = 0
configure:11174: test -s conftest.o
configure:11177: $? = 0
configure:11187: result: yes
configure:11191: checking argz.h presence
configure:11202: gcc.exe -E  conftest.c
configure:11208: $? = 0
configure:11227: result: yes
configure:11263: checking for argz.h
configure:11270: result: yes
configure:11155: checking limits.h usability
configure:11168: gcc.exe -c -g -O2  conftest.c >&5
configure:11171: $? = 0
configure:11174: test -s conftest.o
configure:11177: $? = 0
configure:11187: result: yes
configure:11191: checking limits.h presence
configure:11202: gcc.exe -E  conftest.c
configure:11208: $? = 0
configure:11227: result: yes
configure:11263: checking for limits.h
configure:11270: result: yes
configure:11155: checking locale.h usability
configure:11168: gcc.exe -c -g -O2  conftest.c >&5
configure:11171: $? = 0
configure:11174: test -s conftest.o
configure:11177: $? = 0
configure:11187: result: yes
configure:11191: checking locale.h presence
configure:11202: gcc.exe -E  conftest.c
configure:11208: $? = 0
configure:11227: result: yes
configure:11263: checking for locale.h
configure:11270: result: yes
configure:11155: checking nl_types.h usability
configure:11168: gcc.exe -c -g -O2  conftest.c >&5
configure:11171: $? = 0
configure:11174: test -s conftest.o
configure:11177: $? = 0
configure:11187: result: yes
configure:11191: checking nl_types.h presence
configure:11202: gcc.exe -E  conftest.c
configure:11208: $? = 0
configure:11227: result: yes
configure:11263: checking for nl_types.h
configure:11270: result: yes
configure:11155: checking malloc.h usability
configure:11168: gcc.exe -c -g -O2  conftest.c >&5
configure:11171: $? = 0
configure:11174: test -s conftest.o
configure:11177: $? = 0
configure:11187: result: yes
configure:11191: checking malloc.h presence
configure:11202: gcc.exe -E  conftest.c
configure:11208: $? = 0
configure:11227: result: yes
configure:11263: checking for malloc.h
configure:11270: result: yes
configure:11155: checking stddef.h usability
configure:11168: gcc.exe -c -g -O2  conftest.c >&5
configure:11171: $? = 0
configure:11174: test -s conftest.o
configure:11177: $? = 0
configure:11187: result: yes
configure:11191: checking stddef.h presence
configure:11202: gcc.exe -E  conftest.c
configure:11208: $? = 0
configure:11227: result: yes
configure:11263: checking for stddef.h
configure:11270: result: yes
configure:11146: checking for stdlib.h
configure:11151: result: yes
configure:11146: checking for string.h
configure:11151: result: yes
configure:11146: checking for unistd.h
configure:11151: result: yes
configure:11155: checking sys/param.h usability
configure:11168: gcc.exe -c -g -O2  conftest.c >&5
configure:11171: $? = 0
configure:11174: test -s conftest.o
configure:11177: $? = 0
configure:11187: result: yes
configure:11191: checking sys/param.h presence
configure:11202: gcc.exe -E  conftest.c
configure:11208: $? = 0
configure:11227: result: yes
configure:11263: checking for sys/param.h
configure:11270: result: yes
configure:11309: checking for feof_unlocked
configure:11359: gcc.exe -o conftest.exe -g -O2   conftest.c  >&5
configure:11392 (d:\TEMPDIR/ccb7GZBd.o): Undefined symbol _feof_unlocked referenced from text segment
d:\TEMPDIR/ccb7GZBd.o: Undefined symbol _feof_unlocked referenced from data segment
configure:11362: $? = 1
configure: failed program was:
| #line 11315 "configure"
| /* confdefs.h.  */
| 
| #define PACKAGE_NAME ""
| #define PACKAGE_TARNAME ""
| #define PACKAGE_VERSION ""
| #define PACKAGE_STRING ""
| #define PACKAGE_BUGREPORT ""
| #define SP_MULTI_BYTE 1
| #define SP_PACKAGE "OpenSP"
| #define SP_VERSION "1.5.1"
| #ifdef __cplusplus
| #include <stdlib.h>
| #endif
| #define STDC_HEADERS 1
| #define HAVE_SYS_TYPES_H 1
| #define HAVE_SYS_STAT_H 1
| #define HAVE_STDLIB_H 1
| #define HAVE_STRING_H 1
| #define HAVE_MEMORY_H 1
| #define HAVE_STRINGS_H 1
| #define HAVE_INTTYPES_H 1
| #define HAVE_STDINT_H 1
| #define HAVE_UNISTD_H 1
| #define HAVE_DLFCN_H 1
| #define HAVE_ALLOCA_H 1
| #define HAVE_ALLOCA 1
| #define HAVE_STDLIB_H 1
| #define HAVE_UNISTD_H 1
| #define HAVE_GETPAGESIZE 1
| #define INTDIV0_RAISES_SIGFPE 1
| #define HAVE_INTTYPES_H_WITH_UINTMAX 1
| #define HAVE_STDINT_H_WITH_UINTMAX 1
| #define HAVE_UNSIGNED_LONG_LONG 1
| #define HAVE_INTTYPES_H 1
| #define HAVE_ARGZ_H 1
| #define HAVE_LIMITS_H 1
| #define HAVE_LOCALE_H 1
| #define HAVE_NL_TYPES_H 1
| #define HAVE_MALLOC_H 1
| #define HAVE_STDDEF_H 1
| #define HAVE_STDLIB_H 1
| #define HAVE_STRING_H 1
| #define HAVE_UNISTD_H 1
| #define HAVE_SYS_PARAM_H 1
| /* end confdefs.h.  */
| /* System header to define __stub macros and hopefully few prototypes,
|     which can conflict with char feof_unlocked (); below.
|     Prefer <limits.h> to <assert.h> if __STDC__ is defined, since
|     <limits.h> exists even on freestanding compilers.  */
| #ifdef __STDC__
| # include <limits.h>
| #else
| # include <assert.h>
| #endif
| /* Override any gcc2 internal prototype to avoid an error.  */
| #ifdef __cplusplus
| extern "C"
| {
| #endif
| /* We use char because int might match the return type of a gcc2
|    builtin and then its argument prototype would still apply.  */
| char feof_unlocked ();
| /* The GNU C library defines this for functions which it implements
|     to always fail with ENOSYS.  Some functions are actually named
|     something starting with __ and the normal name is an alias.  */
| #if defined (__stub_feof_unlocked) || defined (__stub___feof_unlocked)
| choke me
| #else
| char (*f) () = feof_unlocked;
| #endif
| #ifdef __cplusplus
| }
| #endif
| 
| int
| main ()
| {
| return f != feof_unlocked;
|   ;
|   return 0;
| }
configure:11379: result: no
configure:11309: checking for fgets_unlocked
configure:11359: gcc.exe -o conftest.exe -g -O2   conftest.c  >&5
configure:11392 (d:\TEMPDIR/ccUCyUu2.o): Undefined symbol _fgets_unlocked referenced from text segment
d:\TEMPDIR/ccUCyUu2.o: Undefined symbol _fgets_unlocked referenced from data segment
configure:11362: $? = 1
configure: failed program was:
| #line 11315 "configure"
| /* confdefs.h.  */
| 
| #define PACKAGE_NAME ""
| #define PACKAGE_TARNAME ""
| #define PACKAGE_VERSION ""
| #define PACKAGE_STRING ""
| #define PACKAGE_BUGREPORT ""
| #define SP_MULTI_BYTE 1
| #define SP_PACKAGE "OpenSP"
| #define SP_VERSION "1.5.1"
| #ifdef __cplusplus
| #include <stdlib.h>
| #endif
| #define STDC_HEADERS 1
| #define HAVE_SYS_TYPES_H 1
| #define HAVE_SYS_STAT_H 1
| #define HAVE_STDLIB_H 1
| #define HAVE_STRING_H 1
| #define HAVE_MEMORY_H 1
| #define HAVE_STRINGS_H 1
| #define HAVE_INTTYPES_H 1
| #define HAVE_STDINT_H 1
| #define HAVE_UNISTD_H 1
| #define HAVE_DLFCN_H 1
| #define HAVE_ALLOCA_H 1
| #define HAVE_ALLOCA 1
| #define HAVE_STDLIB_H 1
| #define HAVE_UNISTD_H 1
| #define HAVE_GETPAGESIZE 1
| #define INTDIV0_RAISES_SIGFPE 1
| #define HAVE_INTTYPES_H_WITH_UINTMAX 1
| #define HAVE_STDINT_H_WITH_UINTMAX 1
| #define HAVE_UNSIGNED_LONG_LONG 1
| #define HAVE_INTTYPES_H 1
| #define HAVE_ARGZ_H 1
| #define HAVE_LIMITS_H 1
| #define HAVE_LOCALE_H 1
| #define HAVE_NL_TYPES_H 1
| #define HAVE_MALLOC_H 1
| #define HAVE_STDDEF_H 1
| #define HAVE_STDLIB_H 1
| #define HAVE_STRING_H 1
| #define HAVE_UNISTD_H 1
| #define HAVE_SYS_PARAM_H 1
| /* end confdefs.h.  */
| /* System header to define __stub macros and hopefully few prototypes,
|     which can conflict with char fgets_unlocked (); below.
|     Prefer <limits.h> to <assert.h> if __STDC__ is defined, since
|     <limits.h> exists even on freestanding compilers.  */
| #ifdef __STDC__
| # include <limits.h>
| #else
| # include <assert.h>
| #endif
| /* Override any gcc2 internal prototype to avoid an error.  */
| #ifdef __cplusplus
| extern "C"
| {
| #endif
| /* We use char because int might match the return type of a gcc2
|    builtin and then its argument prototype would still apply.  */
| char fgets_unlocked ();
| /* The GNU C library defines this for functions which it implements
|     to always fail with ENOSYS.  Some functions are actually named
|     something starting with __ and the normal name is an alias.  */
| #if defined (__stub_fgets_unlocked) || defined (__stub___fgets_unlocked)
| choke me
| #else
| char (*f) () = fgets_unlocked;
| #endif
| #ifdef __cplusplus
| }
| #endif
| 
| int
| main ()
| {
| return f != fgets_unlocked;
|   ;
|   return 0;
| }
configure:11379: result: no
configure:11309: checking for getc_unlocked
configure:11359: gcc.exe -o conftest.exe -g -O2   conftest.c  >&5
configure:11392 (d:\TEMPDIR/ccsMArfH.o): Undefined symbol _getc_unlocked referenced from text segment
d:\TEMPDIR/ccsMArfH.o: Undefined symbol _getc_unlocked referenced from data segment
configure:11362: $? = 1
configure: failed program was:
| #line 11315 "configure"
| /* confdefs.h.  */
| 
| #define PACKAGE_NAME ""
| #define PACKAGE_TARNAME ""
| #define PACKAGE_VERSION ""
| #define PACKAGE_STRING ""
| #define PACKAGE_BUGREPORT ""
| #define SP_MULTI_BYTE 1
| #define SP_PACKAGE "OpenSP"
| #define SP_VERSION "1.5.1"
| #ifdef __cplusplus
| #include <stdlib.h>
| #endif
| #define STDC_HEADERS 1
| #define HAVE_SYS_TYPES_H 1
| #define HAVE_SYS_STAT_H 1
| #define HAVE_STDLIB_H 1
| #define HAVE_STRING_H 1
| #define HAVE_MEMORY_H 1
| #define HAVE_STRINGS_H 1
| #define HAVE_INTTYPES_H 1
| #define HAVE_STDINT_H 1
| #define HAVE_UNISTD_H 1
| #define HAVE_DLFCN_H 1
| #define HAVE_ALLOCA_H 1
| #define HAVE_ALLOCA 1
| #define HAVE_STDLIB_H 1
| #define HAVE_UNISTD_H 1
| #define HAVE_GETPAGESIZE 1
| #define INTDIV0_RAISES_SIGFPE 1
| #define HAVE_INTTYPES_H_WITH_UINTMAX 1
| #define HAVE_STDINT_H_WITH_UINTMAX 1
| #define HAVE_UNSIGNED_LONG_LONG 1
| #define HAVE_INTTYPES_H 1
| #define HAVE_ARGZ_H 1
| #define HAVE_LIMITS_H 1
| #define HAVE_LOCALE_H 1
| #define HAVE_NL_TYPES_H 1
| #define HAVE_MALLOC_H 1
| #define HAVE_STDDEF_H 1
| #define HAVE_STDLIB_H 1
| #define HAVE_STRING_H 1
| #define HAVE_UNISTD_H 1
| #define HAVE_SYS_PARAM_H 1
| /* end confdefs.h.  */
| /* System header to define __stub macros and hopefully few prototypes,
|     which can conflict with char getc_unlocked (); below.
|     Prefer <limits.h> to <assert.h> if __STDC__ is defined, since
|     <limits.h> exists even on freestanding compilers.  */
| #ifdef __STDC__
| # include <limits.h>
| #else
| # include <assert.h>
| #endif
| /* Override any gcc2 internal prototype to avoid an error.  */
| #ifdef __cplusplus
| extern "C"
| {
| #endif
| /* We use char because int might match the return type of a gcc2
|    builtin and then its argument prototype would still apply.  */
| char getc_unlocked ();
| /* The GNU C library defines this for functions which it implements
|     to always fail with ENOSYS.  Some functions are actually named
|     something starting with __ and the normal name is an alias.  */
| #if defined (__stub_getc_unlocked) || defined (__stub___getc_unlocked)
| choke me
| #else
| char (*f) () = getc_unlocked;
| #endif
| #ifdef __cplusplus
| }
| #endif
| 
| int
| main ()
| {
| return f != getc_unlocked;
|   ;
|   return 0;
| }
configure:11379: result: no
configure:11309: checking for getcwd
configure:11359: gcc.exe -o conftest.exe -g -O2   conftest.c  >&5
configure:11362: $? = 0
configure:11365: test -s conftest.exe
configure:11368: $? = 0
configure:11379: result: yes
configure:11309: checking for getegid
configure:11359: gcc.exe -o conftest.exe -g -O2   conftest.c  >&5
configure:11362: $? = 0
configure:11365: test -s conftest.exe
configure:11368: $? = 0
configure:11379: result: yes
configure:11309: checking for geteuid
configure:11359: gcc.exe -o conftest.exe -g -O2   conftest.c  >&5
configure:11362: $? = 0
configure:11365: test -s conftest.exe
configure:11368: $? = 0
configure:11379: result: yes
configure:11309: checking for getgid
configure:11359: gcc.exe -o conftest.exe -g -O2   conftest.c  >&5
configure:11362: $? = 0
configure:11365: test -s conftest.exe
configure:11368: $? = 0
configure:11379: result: yes
configure:11309: checking for getuid
configure:11359: gcc.exe -o conftest.exe -g -O2   conftest.c  >&5
configure:11362: $? = 0
configure:11365: test -s conftest.exe
configure:11368: $? = 0
configure:11379: result: yes
configure:11309: checking for mempcpy
configure:11359: gcc.exe -o conftest.exe -g -O2   conftest.c  >&5
configure:11362: $? = 0
configure:11365: test -s conftest.exe
configure:11368: $? = 0
configure:11379: result: yes
configure:11309: checking for munmap
configure:11359: gcc.exe -o conftest.exe -g -O2   conftest.c  >&5
configure:11398 (d:\TEMPDIR/ccFzxBIK.o): Undefined symbol _munmap referenced from text segment
d:\TEMPDIR/ccFzxBIK.o: Undefined symbol _munmap referenced from data segment
configure:11362: $? = 1
configure: failed program was:
| #line 11315 "configure"
| /* confdefs.h.  */
| 
| #define PACKAGE_NAME ""
| #define PACKAGE_TARNAME ""
| #define PACKAGE_VERSION ""
| #define PACKAGE_STRING ""
| #define PACKAGE_BUGREPORT ""
| #define SP_MULTI_BYTE 1
| #define SP_PACKAGE "OpenSP"
| #define SP_VERSION "1.5.1"
| #ifdef __cplusplus
| #include <stdlib.h>
| #endif
| #define STDC_HEADERS 1
| #define HAVE_SYS_TYPES_H 1
| #define HAVE_SYS_STAT_H 1
| #define HAVE_STDLIB_H 1
| #define HAVE_STRING_H 1
| #define HAVE_MEMORY_H 1
| #define HAVE_STRINGS_H 1
| #define HAVE_INTTYPES_H 1
| #define HAVE_STDINT_H 1
| #define HAVE_UNISTD_H 1
| #define HAVE_DLFCN_H 1
| #define HAVE_ALLOCA_H 1
| #define HAVE_ALLOCA 1
| #define HAVE_STDLIB_H 1
| #define HAVE_UNISTD_H 1
| #define HAVE_GETPAGESIZE 1
| #define INTDIV0_RAISES_SIGFPE 1
| #define HAVE_INTTYPES_H_WITH_UINTMAX 1
| #define HAVE_STDINT_H_WITH_UINTMAX 1
| #define HAVE_UNSIGNED_LONG_LONG 1
| #define HAVE_INTTYPES_H 1
| #define HAVE_ARGZ_H 1
| #define HAVE_LIMITS_H 1
| #define HAVE_LOCALE_H 1
| #define HAVE_NL_TYPES_H 1
| #define HAVE_MALLOC_H 1
| #define HAVE_STDDEF_H 1
| #define HAVE_STDLIB_H 1
| #define HAVE_STRING_H 1
| #define HAVE_UNISTD_H 1
| #define HAVE_SYS_PARAM_H 1
| #define HAVE_GETCWD 1
| #define HAVE_GETEGID 1
| #define HAVE_GETEUID 1
| #define HAVE_GETGID 1
| #define HAVE_GETUID 1
| #define HAVE_MEMPCPY 1
| /* end confdefs.h.  */
| /* System header to define __stub macros and hopefully few prototypes,
|     which can conflict with char munmap (); below.
|     Prefer <limits.h> to <assert.h> if __STDC__ is defined, since
|     <limits.h> exists even on freestanding compilers.  */
| #ifdef __STDC__
| # include <limits.h>
| #else
| # include <assert.h>
| #endif
| /* Override any gcc2 internal prototype to avoid an error.  */
| #ifdef __cplusplus
| extern "C"
| {
| #endif
| /* We use char because int might match the return type of a gcc2
|    builtin and then its argument prototype would still apply.  */
| char munmap ();
| /* The GNU C library defines this for functions which it implements
|     to always fail with ENOSYS.  Some functions are actually named
|     something starting with __ and the normal name is an alias.  */
| #if defined (__stub_munmap) || defined (__stub___munmap)
| choke me
| #else
| char (*f) () = munmap;
| #endif
| #ifdef __cplusplus
| }
| #endif
| 
| int
| main ()
| {
| return f != munmap;
|   ;
|   return 0;
| }
configure:11379: result: no
configure:11309: checking for putenv
configure:11359: gcc.exe -o conftest.exe -g -O2   conftest.c  >&5
configure:11362: $? = 0
configure:11365: test -s conftest.exe
configure:11368: $? = 0
configure:11379: result: yes
configure:11309: checking for setenv
configure:11359: gcc.exe -o conftest.exe -g -O2   conftest.c  >&5
configure:11362: $? = 0
configure:11365: test -s conftest.exe
configure:11368: $? = 0
configure:11379: result: yes
configure:11309: checking for setlocale
configure:11359: gcc.exe -o conftest.exe -g -O2   conftest.c  >&5
configure:11362: $? = 0
configure:11365: test -s conftest.exe
configure:11368: $? = 0
configure:11379: result: yes
configure:11309: checking for stpcpy
configure:11359: gcc.exe -o conftest.exe -g -O2   conftest.c  >&5
configure:11362: $? = 0
configure:11365: test -s conftest.exe
configure:11368: $? = 0
configure:11379: result: yes
configure:11309: checking for strcasecmp
configure:11359: gcc.exe -o conftest.exe -g -O2   conftest.c  >&5
configure:11362: $? = 0
configure:11365: test -s conftest.exe
configure:11368: $? = 0
configure:11379: result: yes
configure:11309: checking for strdup
configure:11359: gcc.exe -o conftest.exe -g -O2   conftest.c  >&5
configure:11362: $? = 0
configure:11365: test -s conftest.exe
configure:11368: $? = 0
configure:11379: result: yes
configure:11309: checking for strtoul
configure:11359: gcc.exe -o conftest.exe -g -O2   conftest.c  >&5
configure:11362: $? = 0
configure:11365: test -s conftest.exe
configure:11368: $? = 0
configure:11379: result: yes
configure:11309: checking for tsearch
configure:11359: gcc.exe -o conftest.exe -g -O2   conftest.c  >&5
configure:11362: $? = 0
configure:11365: test -s conftest.exe
configure:11368: $? = 0
configure:11379: result: yes
configure:11309: checking for __argz_count
configure:11359: gcc.exe -o conftest.exe -g -O2   conftest.c  >&5
configure:11362: $? = 0
configure:11365: test -s conftest.exe
configure:11368: $? = 0
configure:11379: result: yes
configure:11309: checking for __argz_stringify
configure:11359: gcc.exe -o conftest.exe -g -O2   conftest.c  >&5
configure:11362: $? = 0
configure:11365: test -s conftest.exe
configure:11368: $? = 0
configure:11379: result: yes
configure:11309: checking for __argz_next
configure:11359: gcc.exe -o conftest.exe -g -O2   conftest.c  >&5
configure:11362: $? = 0
configure:11365: test -s conftest.exe
configure:11368: $? = 0
configure:11379: result: yes
configure:11420: checking for iconv
configure:11448: gcc.exe -o conftest.exe -g -O2   conftest.c  >&5
configure:11496 (d:\TEMPDIR/cceHgfZa.o): Undefined symbol _iconv_open referenced from text segment
configure:11497 (d:\TEMPDIR/cceHgfZa.o): Undefined symbol _iconv referenced from text segment
configure:11498 (d:\TEMPDIR/cceHgfZa.o): Undefined symbol _iconv_close referenced from text segment
configure:11451: $? = 1
configure: failed program was:
| #line 11429 "configure"
| /* confdefs.h.  */
| 
| #define PACKAGE_NAME ""
| #define PACKAGE_TARNAME ""
| #define PACKAGE_VERSION ""
| #define PACKAGE_STRING ""
| #define PACKAGE_BUGREPORT ""
| #define SP_MULTI_BYTE 1
| #define SP_PACKAGE "OpenSP"
| #define SP_VERSION "1.5.1"
| #ifdef __cplusplus
| #include <stdlib.h>
| #endif
| #define STDC_HEADERS 1
| #define HAVE_SYS_TYPES_H 1
| #define HAVE_SYS_STAT_H 1
| #define HAVE_STDLIB_H 1
| #define HAVE_STRING_H 1
| #define HAVE_MEMORY_H 1
| #define HAVE_STRINGS_H 1
| #define HAVE_INTTYPES_H 1
| #define HAVE_STDINT_H 1
| #define HAVE_UNISTD_H 1
| #define HAVE_DLFCN_H 1
| #define HAVE_ALLOCA_H 1
| #define HAVE_ALLOCA 1
| #define HAVE_STDLIB_H 1
| #define HAVE_UNISTD_H 1
| #define HAVE_GETPAGESIZE 1
| #define INTDIV0_RAISES_SIGFPE 1
| #define HAVE_INTTYPES_H_WITH_UINTMAX 1
| #define HAVE_STDINT_H_WITH_UINTMAX 1
| #define HAVE_UNSIGNED_LONG_LONG 1
| #define HAVE_INTTYPES_H 1
| #define HAVE_ARGZ_H 1
| #define HAVE_LIMITS_H 1
| #define HAVE_LOCALE_H 1
| #define HAVE_NL_TYPES_H 1
| #define HAVE_MALLOC_H 1
| #define HAVE_STDDEF_H 1
| #define HAVE_STDLIB_H 1
| #define HAVE_STRING_H 1
| #define HAVE_UNISTD_H 1
| #define HAVE_SYS_PARAM_H 1
| #define HAVE_GETCWD 1
| #define HAVE_GETEGID 1
| #define HAVE_GETEUID 1
| #define HAVE_GETGID 1
| #define HAVE_GETUID 1
| #define HAVE_MEMPCPY 1
| #define HAVE_PUTENV 1
| #define HAVE_SETENV 1
| #define HAVE_SETLOCALE 1
| #define HAVE_STPCPY 1
| #define HAVE_STRCASECMP 1
| #define HAVE_STRDUP 1
| #define HAVE_STRTOUL 1
| #define HAVE_TSEARCH 1
| #define HAVE___ARGZ_COUNT 1
| #define HAVE___ARGZ_STRINGIFY 1
| #define HAVE___ARGZ_NEXT 1
| /* end confdefs.h.  */
| #include <stdlib.h>
| #include <iconv.h>
| int
| main ()
| {
| iconv_t cd = iconv_open("","");
|        iconv(cd,NULL,NULL,NULL,NULL);
|        iconv_close(cd);
|   ;
|   return 0;
| }
configure:11489: gcc.exe -o conftest.exe -g -O2   conftest.c  -liconv >&5
configure:11492: $? = 0
configure:11495: test -s conftest.exe
configure:11498: $? = 0
configure:11512: result: yes
configure:11522: checking how to link with libiconv
configure:11524: result: -liconv
configure:11535: checking for iconv declaration
configure:11570: gcc.exe -c -g -O2  conftest.c >&5
configure:11613: error: conflicting types for `iconv'
K:/gcc335b1/usr/include/iconv.h:37: error: previous declaration of `iconv'
configure:11573: $? = 1
configure: failed program was:
| #line 11542 "configure"
| /* confdefs.h.  */
| 
| #define PACKAGE_NAME ""
| #define PACKAGE_TARNAME ""
| #define PACKAGE_VERSION ""
| #define PACKAGE_STRING ""
| #define PACKAGE_BUGREPORT ""
| #define SP_MULTI_BYTE 1
| #define SP_PACKAGE "OpenSP"
| #define SP_VERSION "1.5.1"
| #ifdef __cplusplus
| #include <stdlib.h>
| #endif
| #define STDC_HEADERS 1
| #define HAVE_SYS_TYPES_H 1
| #define HAVE_SYS_STAT_H 1
| #define HAVE_STDLIB_H 1
| #define HAVE_STRING_H 1
| #define HAVE_MEMORY_H 1
| #define HAVE_STRINGS_H 1
| #define HAVE_INTTYPES_H 1
| #define HAVE_STDINT_H 1
| #define HAVE_UNISTD_H 1
| #define HAVE_DLFCN_H 1
| #define HAVE_ALLOCA_H 1
| #define HAVE_ALLOCA 1
| #define HAVE_STDLIB_H 1
| #define HAVE_UNISTD_H 1
| #define HAVE_GETPAGESIZE 1
| #define INTDIV0_RAISES_SIGFPE 1
| #define HAVE_INTTYPES_H_WITH_UINTMAX 1
| #define HAVE_STDINT_H_WITH_UINTMAX 1
| #define HAVE_UNSIGNED_LONG_LONG 1
| #define HAVE_INTTYPES_H 1
| #define HAVE_ARGZ_H 1
| #define HAVE_LIMITS_H 1
| #define HAVE_LOCALE_H 1
| #define HAVE_NL_TYPES_H 1
| #define HAVE_MALLOC_H 1
| #define HAVE_STDDEF_H 1
| #define HAVE_STDLIB_H 1
| #define HAVE_STRING_H 1
| #define HAVE_UNISTD_H 1
| #define HAVE_SYS_PARAM_H 1
| #define HAVE_GETCWD 1
| #define HAVE_GETEGID 1
| #define HAVE_GETEUID 1
| #define HAVE_GETGID 1
| #define HAVE_GETUID 1
| #define HAVE_MEMPCPY 1
| #define HAVE_PUTENV 1
| #define HAVE_SETENV 1
| #define HAVE_SETLOCALE 1
| #define HAVE_STPCPY 1
| #define HAVE_STRCASECMP 1
| #define HAVE_STRDUP 1
| #define HAVE_STRTOUL 1
| #define HAVE_TSEARCH 1
| #define HAVE___ARGZ_COUNT 1
| #define HAVE___ARGZ_STRINGIFY 1
| #define HAVE___ARGZ_NEXT 1
| #define HAVE_ICONV 1
| /* end confdefs.h.  */
| 
| #include <stdlib.h>
| #include <iconv.h>
| extern
| #ifdef __cplusplus
| "C"
| #endif
| #if defined(__STDC__) || defined(__cplusplus)
| size_t iconv (iconv_t cd, char * *inbuf, size_t *inbytesleft, char * *outbuf, size_t *outbytesleft);
| #else
| size_t iconv();
| #endif
| 
| int
| main ()
| {
| 
|   ;
|   return 0;
| }
configure:11593: result: 
         extern size_t iconv (iconv_t cd, const char * *inbuf, size_t *inbytesleft, char * *outbuf, size_t *outbytesleft);
configure:11605: checking for nl_langinfo and CODESET
configure:11627: gcc.exe -o conftest.exe -g -O2   conftest.c  >&5
configure:11675:22: langinfo.h: No such file or directory
configure: In function `main':
configure:11679: error: `CODESET' undeclared (first use in this function)
configure:11679: error: (Each undeclared identifier is reported only once
configure:11679: error: for each function it appears in.)
configure:11679: warning: initialization makes pointer from integer without a cast
configure:11630: $? = 1
configure: failed program was:
| #line 11611 "configure"
| /* confdefs.h.  */
| 
| #define PACKAGE_NAME ""
| #define PACKAGE_TARNAME ""
| #define PACKAGE_VERSION ""
| #define PACKAGE_STRING ""
| #define PACKAGE_BUGREPORT ""
| #define SP_MULTI_BYTE 1
| #define SP_PACKAGE "OpenSP"
| #define SP_VERSION "1.5.1"
| #ifdef __cplusplus
| #include <stdlib.h>
| #endif
| #define STDC_HEADERS 1
| #define HAVE_SYS_TYPES_H 1
| #define HAVE_SYS_STAT_H 1
| #define HAVE_STDLIB_H 1
| #define HAVE_STRING_H 1
| #define HAVE_MEMORY_H 1
| #define HAVE_STRINGS_H 1
| #define HAVE_INTTYPES_H 1
| #define HAVE_STDINT_H 1
| #define HAVE_UNISTD_H 1
| #define HAVE_DLFCN_H 1
| #define HAVE_ALLOCA_H 1
| #define HAVE_ALLOCA 1
| #define HAVE_STDLIB_H 1
| #define HAVE_UNISTD_H 1
| #define HAVE_GETPAGESIZE 1
| #define INTDIV0_RAISES_SIGFPE 1
| #define HAVE_INTTYPES_H_WITH_UINTMAX 1
| #define HAVE_STDINT_H_WITH_UINTMAX 1
| #define HAVE_UNSIGNED_LONG_LONG 1
| #define HAVE_INTTYPES_H 1
| #define HAVE_ARGZ_H 1
| #define HAVE_LIMITS_H 1
| #define HAVE_LOCALE_H 1
| #define HAVE_NL_TYPES_H 1
| #define HAVE_MALLOC_H 1
| #define HAVE_STDDEF_H 1
| #define HAVE_STDLIB_H 1
| #define HAVE_STRING_H 1
| #define HAVE_UNISTD_H 1
| #define HAVE_SYS_PARAM_H 1
| #define HAVE_GETCWD 1
| #define HAVE_GETEGID 1
| #define HAVE_GETEUID 1
| #define HAVE_GETGID 1
| #define HAVE_GETUID 1
| #define HAVE_MEMPCPY 1
| #define HAVE_PUTENV 1
| #define HAVE_SETENV 1
| #define HAVE_SETLOCALE 1
| #define HAVE_STPCPY 1
| #define HAVE_STRCASECMP 1
| #define HAVE_STRDUP 1
| #define HAVE_STRTOUL 1
| #define HAVE_TSEARCH 1
| #define HAVE___ARGZ_COUNT 1
| #define HAVE___ARGZ_STRINGIFY 1
| #define HAVE___ARGZ_NEXT 1
| #define HAVE_ICONV 1
| #define ICONV_CONST const
| /* end confdefs.h.  */
| #include <langinfo.h>
| int
| main ()
| {
| char* cs = nl_langinfo(CODESET);
|   ;
|   return 0;
| }
configure:11648: result: no
configure:11660: checking for LC_MESSAGES
configure:11682: gcc.exe -o conftest.exe -g -O2   conftest.c  >&5
configure:11685: $? = 0
configure:11688: test -s conftest.exe
configure:11691: $? = 0
configure:11702: result: yes
configure:11718: checking for bison
configure:11747: result: no
configure:11787: checking whether NLS is requested
configure:11796: result: yes
configure:11811: checking whether included gettext is requested
configure:11821: result: no
configure:11832: checking for GNU gettext in libc
configure:11857: gcc.exe -o conftest.exe -g -O2   conftest.c  >&5
configure:11903:21: libintl.h: No such file or directory
configure:11860: $? = 1
configure: failed program was:
| #line 11838 "configure"
| /* confdefs.h.  */
| 
| #define PACKAGE_NAME ""
| #define PACKAGE_TARNAME ""
| #define PACKAGE_VERSION ""
| #define PACKAGE_STRING ""
| #define PACKAGE_BUGREPORT ""
| #define SP_MULTI_BYTE 1
| #define SP_PACKAGE "OpenSP"
| #define SP_VERSION "1.5.1"
| #ifdef __cplusplus
| #include <stdlib.h>
| #endif
| #define STDC_HEADERS 1
| #define HAVE_SYS_TYPES_H 1
| #define HAVE_SYS_STAT_H 1
| #define HAVE_STDLIB_H 1
| #define HAVE_STRING_H 1
| #define HAVE_MEMORY_H 1
| #define HAVE_STRINGS_H 1
| #define HAVE_INTTYPES_H 1
| #define HAVE_STDINT_H 1
| #define HAVE_UNISTD_H 1
| #define HAVE_DLFCN_H 1
| #define HAVE_ALLOCA_H 1
| #define HAVE_ALLOCA 1
| #define HAVE_STDLIB_H 1
| #define HAVE_UNISTD_H 1
| #define HAVE_GETPAGESIZE 1
| #define INTDIV0_RAISES_SIGFPE 1
| #define HAVE_INTTYPES_H_WITH_UINTMAX 1
| #define HAVE_STDINT_H_WITH_UINTMAX 1
| #define HAVE_UNSIGNED_LONG_LONG 1
| #define HAVE_INTTYPES_H 1
| #define HAVE_ARGZ_H 1
| #define HAVE_LIMITS_H 1
| #define HAVE_LOCALE_H 1
| #define HAVE_NL_TYPES_H 1
| #define HAVE_MALLOC_H 1
| #define HAVE_STDDEF_H 1
| #define HAVE_STDLIB_H 1
| #define HAVE_STRING_H 1
| #define HAVE_UNISTD_H 1
| #define HAVE_SYS_PARAM_H 1
| #define HAVE_GETCWD 1
| #define HAVE_GETEGID 1
| #define HAVE_GETEUID 1
| #define HAVE_GETGID 1
| #define HAVE_GETUID 1
| #define HAVE_MEMPCPY 1
| #define HAVE_PUTENV 1
| #define HAVE_SETENV 1
| #define HAVE_SETLOCALE 1
| #define HAVE_STPCPY 1
| #define HAVE_STRCASECMP 1
| #define HAVE_STRDUP 1
| #define HAVE_STRTOUL 1
| #define HAVE_TSEARCH 1
| #define HAVE___ARGZ_COUNT 1
| #define HAVE___ARGZ_STRINGIFY 1
| #define HAVE___ARGZ_NEXT 1
| #define HAVE_ICONV 1
| #define ICONV_CONST const
| #define HAVE_LC_MESSAGES 1
| /* end confdefs.h.  */
| #include <libintl.h>
| extern int _nl_msg_cat_cntr;
| extern int *_nl_domain_bindings;
| int
| main ()
| {
| bindtextdomain ("", "");
| return (int) gettext ("") + _nl_msg_cat_cntr + *_nl_domain_bindings
|   ;
|   return 0;
| }
configure:11877: result: no
configure:12260: checking for GNU gettext in libintl
configure:12293: gcc.exe -o conftest.exe -g -O2    conftest.c  -lintl >&5
configure:12335:21: libintl.h: No such file or directory
configure:12296: $? = 1
configure: failed program was:
| #line 12270 "configure"
| /* confdefs.h.  */
| 
| #define PACKAGE_NAME ""
| #define PACKAGE_TARNAME ""
| #define PACKAGE_VERSION ""
| #define PACKAGE_STRING ""
| #define PACKAGE_BUGREPORT ""
| #define SP_MULTI_BYTE 1
| #define SP_PACKAGE "OpenSP"
| #define SP_VERSION "1.5.1"
| #ifdef __cplusplus
| #include <stdlib.h>
| #endif
| #define STDC_HEADERS 1
| #define HAVE_SYS_TYPES_H 1
| #define HAVE_SYS_STAT_H 1
| #define HAVE_STDLIB_H 1
| #define HAVE_STRING_H 1
| #define HAVE_MEMORY_H 1
| #define HAVE_STRINGS_H 1
| #define HAVE_INTTYPES_H 1
| #define HAVE_STDINT_H 1
| #define HAVE_UNISTD_H 1
| #define HAVE_DLFCN_H 1
| #define HAVE_ALLOCA_H 1
| #define HAVE_ALLOCA 1
| #define HAVE_STDLIB_H 1
| #define HAVE_UNISTD_H 1
| #define HAVE_GETPAGESIZE 1
| #define INTDIV0_RAISES_SIGFPE 1
| #define HAVE_INTTYPES_H_WITH_UINTMAX 1
| #define HAVE_STDINT_H_WITH_UINTMAX 1
| #define HAVE_UNSIGNED_LONG_LONG 1
| #define HAVE_INTTYPES_H 1
| #define HAVE_ARGZ_H 1
| #define HAVE_LIMITS_H 1
| #define HAVE_LOCALE_H 1
| #define HAVE_NL_TYPES_H 1
| #define HAVE_MALLOC_H 1
| #define HAVE_STDDEF_H 1
| #define HAVE_STDLIB_H 1
| #define HAVE_STRING_H 1
| #define HAVE_UNISTD_H 1
| #define HAVE_SYS_PARAM_H 1
| #define HAVE_GETCWD 1
| #define HAVE_GETEGID 1
| #define HAVE_GETEUID 1
| #define HAVE_GETGID 1
| #define HAVE_GETUID 1
| #define HAVE_MEMPCPY 1
| #define HAVE_PUTENV 1
| #define HAVE_SETENV 1
| #define HAVE_SETLOCALE 1
| #define HAVE_STPCPY 1
| #define HAVE_STRCASECMP 1
| #define HAVE_STRDUP 1
| #define HAVE_STRTOUL 1
| #define HAVE_TSEARCH 1
| #define HAVE___ARGZ_COUNT 1
| #define HAVE___ARGZ_STRINGIFY 1
| #define HAVE___ARGZ_NEXT 1
| #define HAVE_ICONV 1
| #define ICONV_CONST const
| #define HAVE_LC_MESSAGES 1
| /* end confdefs.h.  */
| #include <libintl.h>
| extern int _nl_msg_cat_cntr;
| extern
| #ifdef __cplusplus
| "C"
| #endif
| const char *_nl_expand_alias ();
| int
| main ()
| {
| bindtextdomain ("", "");
| return (int) gettext ("") + _nl_msg_cat_cntr + *_nl_expand_alias (0)
|   ;
|   return 0;
| }
configure:12338: gcc.exe -o conftest.exe -g -O2    conftest.c  -lintl -liconv >&5
configure:12380:21: libintl.h: No such file or directory
configure:12341: $? = 1
configure: failed program was:
| #line 12315 "configure"
| /* confdefs.h.  */
| 
| #define PACKAGE_NAME ""
| #define PACKAGE_TARNAME ""
| #define PACKAGE_VERSION ""
| #define PACKAGE_STRING ""
| #define PACKAGE_BUGREPORT ""
| #define SP_MULTI_BYTE 1
| #define SP_PACKAGE "OpenSP"
| #define SP_VERSION "1.5.1"
| #ifdef __cplusplus
| #include <stdlib.h>
| #endif
| #define STDC_HEADERS 1
| #define HAVE_SYS_TYPES_H 1
| #define HAVE_SYS_STAT_H 1
| #define HAVE_STDLIB_H 1
| #define HAVE_STRING_H 1
| #define HAVE_MEMORY_H 1
| #define HAVE_STRINGS_H 1
| #define HAVE_INTTYPES_H 1
| #define HAVE_STDINT_H 1
| #define HAVE_UNISTD_H 1
| #define HAVE_DLFCN_H 1
| #define HAVE_ALLOCA_H 1
| #define HAVE_ALLOCA 1
| #define HAVE_STDLIB_H 1
| #define HAVE_UNISTD_H 1
| #define HAVE_GETPAGESIZE 1
| #define INTDIV0_RAISES_SIGFPE 1
| #define HAVE_INTTYPES_H_WITH_UINTMAX 1
| #define HAVE_STDINT_H_WITH_UINTMAX 1
| #define HAVE_UNSIGNED_LONG_LONG 1
| #define HAVE_INTTYPES_H 1
| #define HAVE_ARGZ_H 1
| #define HAVE_LIMITS_H 1
| #define HAVE_LOCALE_H 1
| #define HAVE_NL_TYPES_H 1
| #define HAVE_MALLOC_H 1
| #define HAVE_STDDEF_H 1
| #define HAVE_STDLIB_H 1
| #define HAVE_STRING_H 1
| #define HAVE_UNISTD_H 1
| #define HAVE_SYS_PARAM_H 1
| #define HAVE_GETCWD 1
| #define HAVE_GETEGID 1
| #define HAVE_GETEUID 1
| #define HAVE_GETGID 1
| #define HAVE_GETUID 1
| #define HAVE_MEMPCPY 1
| #define HAVE_PUTENV 1
| #define HAVE_SETENV 1
| #define HAVE_SETLOCALE 1
| #define HAVE_STPCPY 1
| #define HAVE_STRCASECMP 1
| #define HAVE_STRDUP 1
| #define HAVE_STRTOUL 1
| #define HAVE_TSEARCH 1
| #define HAVE___ARGZ_COUNT 1
| #define HAVE___ARGZ_STRINGIFY 1
| #define HAVE___ARGZ_NEXT 1
| #define HAVE_ICONV 1
| #define ICONV_CONST const
| #define HAVE_LC_MESSAGES 1
| /* end confdefs.h.  */
| #include <libintl.h>
| extern int _nl_msg_cat_cntr;
| extern
| #ifdef __cplusplus
| "C"
| #endif
| const char *_nl_expand_alias ();
| int
| main ()
| {
| bindtextdomain ("", "");
| return (int) gettext ("") + _nl_msg_cat_cntr + *_nl_expand_alias (0)
|   ;
|   return 0;
| }
configure:12363: result: no
configure:12496: checking for locale.h
configure:12501: result: yes
configure:12653: checking for ANSI C header files
configure:12803: result: yes
configure:12821: checking for limits.h
configure:12826: result: yes
configure:12821: checking for unistd.h
configure:12826: result: yes
configure:12830: checking io.h usability
configure:12843: gcc.exe -c -g -O2  conftest.c >&5
configure:12846: $? = 0
configure:12849: test -s conftest.o
configure:12852: $? = 0
configure:12862: result: yes
configure:12866: checking io.h presence
configure:12877: gcc.exe -E  conftest.c
configure:12883: $? = 0
configure:12902: result: yes
configure:12938: checking for io.h
configure:12945: result: yes
configure:12830: checking osfcn.h usability
configure:12843: gcc.exe -c -g -O2  conftest.c >&5
configure:12940:19: osfcn.h: No such file or directory
configure:12846: $? = 1
configure: failed program was:
| #line 12833 "configure"
| /* confdefs.h.  */
| 
| #define PACKAGE_NAME ""
| #define PACKAGE_TARNAME ""
| #define PACKAGE_VERSION ""
| #define PACKAGE_STRING ""
| #define PACKAGE_BUGREPORT ""
| #define SP_MULTI_BYTE 1
| #define SP_PACKAGE "OpenSP"
| #define SP_VERSION "1.5.1"
| #ifdef __cplusplus
| #include <stdlib.h>
| #endif
| #define STDC_HEADERS 1
| #define HAVE_SYS_TYPES_H 1
| #define HAVE_SYS_STAT_H 1
| #define HAVE_STDLIB_H 1
| #define HAVE_STRING_H 1
| #define HAVE_MEMORY_H 1
| #define HAVE_STRINGS_H 1
| #define HAVE_INTTYPES_H 1
| #define HAVE_STDINT_H 1
| #define HAVE_UNISTD_H 1
| #define HAVE_DLFCN_H 1
| #define HAVE_ALLOCA_H 1
| #define HAVE_ALLOCA 1
| #define HAVE_STDLIB_H 1
| #define HAVE_UNISTD_H 1
| #define HAVE_GETPAGESIZE 1
| #define INTDIV0_RAISES_SIGFPE 1
| #define HAVE_INTTYPES_H_WITH_UINTMAX 1
| #define HAVE_STDINT_H_WITH_UINTMAX 1
| #define HAVE_UNSIGNED_LONG_LONG 1
| #define HAVE_INTTYPES_H 1
| #define HAVE_ARGZ_H 1
| #define HAVE_LIMITS_H 1
| #define HAVE_LOCALE_H 1
| #define HAVE_NL_TYPES_H 1
| #define HAVE_MALLOC_H 1
| #define HAVE_STDDEF_H 1
| #define HAVE_STDLIB_H 1
| #define HAVE_STRING_H 1
| #define HAVE_UNISTD_H 1
| #define HAVE_SYS_PARAM_H 1
| #define HAVE_GETCWD 1
| #define HAVE_GETEGID 1
| #define HAVE_GETEUID 1
| #define HAVE_GETGID 1
| #define HAVE_GETUID 1
| #define HAVE_MEMPCPY 1
| #define HAVE_PUTENV 1
| #define HAVE_SETENV 1
| #define HAVE_SETLOCALE 1
| #define HAVE_STPCPY 1
| #define HAVE_STRCASECMP 1
| #define HAVE_STRDUP 1
| #define HAVE_STRTOUL 1
| #define HAVE_TSEARCH 1
| #define HAVE___ARGZ_COUNT 1
| #define HAVE___ARGZ_STRINGIFY 1
| #define HAVE___ARGZ_NEXT 1
| #define HAVE_ICONV 1
| #define ICONV_CONST const
| #define HAVE_LC_MESSAGES 1
| #define ENABLE_NLS 1
| #define HAVE_LOCALE_H 1
| #define SP_LOCALE_DIR "/usr/local/share/locale"
| #define SP_MESSAGE_DOMAIN "sp4"
| #define STDC_HEADERS 1
| #define HAVE_LIMITS_H 1
| #define HAVE_UNISTD_H 1
| #define HAVE_IO_H 1
| /* end confdefs.h.  */
| #include <stdio.h>
| #if HAVE_SYS_TYPES_H
| # include <sys/types.h>
| #endif
| #if HAVE_SYS_STAT_H
| # include <sys/stat.h>
| #endif
| #if STDC_HEADERS
| # include <stdlib.h>
| # include <stddef.h>
| #else
| # if HAVE_STDLIB_H
| #  include <stdlib.h>
| # endif
| #endif
| #if HAVE_STRING_H
| # if !STDC_HEADERS && HAVE_MEMORY_H
| #  include <memory.h>
| # endif
| # include <string.h>
| #endif
| #if HAVE_STRINGS_H
| # include <strings.h>
| #endif
| #if HAVE_INTTYPES_H
| # include <inttypes.h>
| #else
| # if HAVE_STDINT_H
| #  include <stdint.h>
| # endif
| #endif
| #if HAVE_UNISTD_H
| # include <unistd.h>
| #endif
| #include <osfcn.h>
configure:12862: result: no
configure:12866: checking osfcn.h presence
configure:12877: gcc.exe -E  conftest.c
configure:12942:19: osfcn.h: No such file or directory
configure:12883: $? = 1
configure: failed program was:
| #line 12869 "configure"
| /* confdefs.h.  */
| 
| #define PACKAGE_NAME ""
| #define PACKAGE_TARNAME ""
| #define PACKAGE_VERSION ""
| #define PACKAGE_STRING ""
| #define PACKAGE_BUGREPORT ""
| #define SP_MULTI_BYTE 1
| #define SP_PACKAGE "OpenSP"
| #define SP_VERSION "1.5.1"
| #ifdef __cplusplus
| #include <stdlib.h>
| #endif
| #define STDC_HEADERS 1
| #define HAVE_SYS_TYPES_H 1
| #define HAVE_SYS_STAT_H 1
| #define HAVE_STDLIB_H 1
| #define HAVE_STRING_H 1
| #define HAVE_MEMORY_H 1
| #define HAVE_STRINGS_H 1
| #define HAVE_INTTYPES_H 1
| #define HAVE_STDINT_H 1
| #define HAVE_UNISTD_H 1
| #define HAVE_DLFCN_H 1
| #define HAVE_ALLOCA_H 1
| #define HAVE_ALLOCA 1
| #define HAVE_STDLIB_H 1
| #define HAVE_UNISTD_H 1
| #define HAVE_GETPAGESIZE 1
| #define INTDIV0_RAISES_SIGFPE 1
| #define HAVE_INTTYPES_H_WITH_UINTMAX 1
| #define HAVE_STDINT_H_WITH_UINTMAX 1
| #define HAVE_UNSIGNED_LONG_LONG 1
| #define HAVE_INTTYPES_H 1
| #define HAVE_ARGZ_H 1
| #define HAVE_LIMITS_H 1
| #define HAVE_LOCALE_H 1
| #define HAVE_NL_TYPES_H 1
| #define HAVE_MALLOC_H 1
| #define HAVE_STDDEF_H 1
| #define HAVE_STDLIB_H 1
| #define HAVE_STRING_H 1
| #define HAVE_UNISTD_H 1
| #define HAVE_SYS_PARAM_H 1
| #define HAVE_GETCWD 1
| #define HAVE_GETEGID 1
| #define HAVE_GETEUID 1
| #define HAVE_GETGID 1
| #define HAVE_GETUID 1
| #define HAVE_MEMPCPY 1
| #define HAVE_PUTENV 1
| #define HAVE_SETENV 1
| #define HAVE_SETLOCALE 1
| #define HAVE_STPCPY 1
| #define HAVE_STRCASECMP 1
| #define HAVE_STRDUP 1
| #define HAVE_STRTOUL 1
| #define HAVE_TSEARCH 1
| #define HAVE___ARGZ_COUNT 1
| #define HAVE___ARGZ_STRINGIFY 1
| #define HAVE___ARGZ_NEXT 1
| #define HAVE_ICONV 1
| #define ICONV_CONST const
| #define HAVE_LC_MESSAGES 1
| #define ENABLE_NLS 1
| #define HAVE_LOCALE_H 1
| #define SP_LOCALE_DIR "/usr/local/share/locale"
| #define SP_MESSAGE_DOMAIN "sp4"
| #define STDC_HEADERS 1
| #define HAVE_LIMITS_H 1
| #define HAVE_UNISTD_H 1
| #define HAVE_IO_H 1
| /* end confdefs.h.  */
| #include <osfcn.h>
configure:12902: result: no
configure:12938: checking for osfcn.h
configure:12945: result: no
configure:12981: checking new usability
configure:12994: g++ -c -g -O2  conftest.cc >&5
configure:12997: $? = 0
configure:13000: test -s conftest.o
configure:13003: $? = 0
configure:13013: result: yes
configure:13017: checking new presence
configure:13028: g++ -E  conftest.cc
configure:13034: $? = 0
configure:13053: result: yes
configure:13089: checking for new
configure:13096: result: yes
configure:12981: checking cassert usability
configure:12994: g++ -c -g -O2  conftest.cc >&5
configure:12997: $? = 0
configure:13000: test -s conftest.o
configure:13003: $? = 0
configure:13013: result: yes
configure:13017: checking cassert presence
configure:13028: g++ -E  conftest.cc
configure:13034: $? = 0
configure:13053: result: yes
configure:13089: checking for cassert
configure:13096: result: yes
configure:13110: checking whether byte ordering is bigendian
configure:13138: g++ -c -g -O2  conftest.cc >&5
configure:13141: $? = 0
configure:13144: test -s conftest.o
configure:13147: $? = 0
configure:13172: g++ -c -g -O2  conftest.cc >&5
configure: In function `int main()':
configure:13233: error: `big' undeclared (first use this function)
configure:13233: error: (Each undeclared identifier is reported only once for 
   each function it appears in.)
configure:13233: error: parse error before `;' token
configure:13175: $? = 1
configure: failed program was:
| #line 13151 "configure"
| /* confdefs.h.  */
| 
| #define PACKAGE_NAME ""
| #define PACKAGE_TARNAME ""
| #define PACKAGE_VERSION ""
| #define PACKAGE_STRING ""
| #define PACKAGE_BUGREPORT ""
| #define SP_MULTI_BYTE 1
| #define SP_PACKAGE "OpenSP"
| #define SP_VERSION "1.5.1"
| #ifdef __cplusplus
| #include <stdlib.h>
| #endif
| #define STDC_HEADERS 1
| #define HAVE_SYS_TYPES_H 1
| #define HAVE_SYS_STAT_H 1
| #define HAVE_STDLIB_H 1
| #define HAVE_STRING_H 1
| #define HAVE_MEMORY_H 1
| #define HAVE_STRINGS_H 1
| #define HAVE_INTTYPES_H 1
| #define HAVE_STDINT_H 1
| #define HAVE_UNISTD_H 1
| #define HAVE_DLFCN_H 1
| #define HAVE_ALLOCA_H 1
| #define HAVE_ALLOCA 1
| #define HAVE_STDLIB_H 1
| #define HAVE_UNISTD_H 1
| #define HAVE_GETPAGESIZE 1
| #define INTDIV0_RAISES_SIGFPE 1
| #define HAVE_INTTYPES_H_WITH_UINTMAX 1
| #define HAVE_STDINT_H_WITH_UINTMAX 1
| #define HAVE_UNSIGNED_LONG_LONG 1
| #define HAVE_INTTYPES_H 1
| #define HAVE_ARGZ_H 1
| #define HAVE_LIMITS_H 1
| #define HAVE_LOCALE_H 1
| #define HAVE_NL_TYPES_H 1
| #define HAVE_MALLOC_H 1
| #define HAVE_STDDEF_H 1
| #define HAVE_STDLIB_H 1
| #define HAVE_STRING_H 1
| #define HAVE_UNISTD_H 1
| #define HAVE_SYS_PARAM_H 1
| #define HAVE_GETCWD 1
| #define HAVE_GETEGID 1
| #define HAVE_GETEUID 1
| #define HAVE_GETGID 1
| #define HAVE_GETUID 1
| #define HAVE_MEMPCPY 1
| #define HAVE_PUTENV 1
| #define HAVE_SETENV 1
| #define HAVE_SETLOCALE 1
| #define HAVE_STPCPY 1
| #define HAVE_STRCASECMP 1
| #define HAVE_STRDUP 1
| #define HAVE_STRTOUL 1
| #define HAVE_TSEARCH 1
| #define HAVE___ARGZ_COUNT 1
| #define HAVE___ARGZ_STRINGIFY 1
| #define HAVE___ARGZ_NEXT 1
| #define HAVE_ICONV 1
| #define ICONV_CONST const
| #define HAVE_LC_MESSAGES 1
| #define ENABLE_NLS 1
| #define HAVE_LOCALE_H 1
| #define SP_LOCALE_DIR "/usr/local/share/locale"
| #define SP_MESSAGE_DOMAIN "sp4"
| #define STDC_HEADERS 1
| #define HAVE_LIMITS_H 1
| #define HAVE_UNISTD_H 1
| #define HAVE_IO_H 1
| #define HAVE_NEW 1
| #define HAVE_CASSERT 1
| /* end confdefs.h.  */
| #include <sys/types.h>
| #include <sys/param.h>
| 
| int
| main ()
| {
| #if BYTE_ORDER != BIG_ENDIAN
|  not big endian
| #endif
| 
|   ;
|   return 0;
| }
configure:13295: result: no
configure:13314: checking for size_t
configure:13359: result: yes
configure:13372: checking for struct stat.st_blksize
configure:13396: g++ -c -g -O2  conftest.cc >&5
configure:13399: $? = 0
configure:13402: test -s conftest.o
configure:13405: $? = 0
configure:13453: result: yes
configure:13469: checking for sig_atomic_t in signal.h
configure:13491: g++ -o conftest.exe -g -O2   conftest.cc  >&5
configure:13494: $? = 0
configure:13497: test -s conftest.exe
configure:13500: $? = 0
configure:13511: result: yes
configure:13573: checking for size_t
configure:13618: result: yes
configure:13621: checking size of size_t
configure:13896: g++ -o conftest.exe -g -O2   conftest.cc  >&5
configure:13899: $? = 0
configure:13901: ./conftest.exe
eval: ./conftest.exe: No such file or directory
configure:13904: $? = 2
configure: program exited with status 2
configure: failed program was:
| #line 13857 "configure"
| /* confdefs.h.  */
| 
| #define PACKAGE_NAME ""
| #define PACKAGE_TARNAME ""
| #define PACKAGE_VERSION ""
| #define PACKAGE_STRING ""
| #define PACKAGE_BUGREPORT ""
| #define SP_MULTI_BYTE 1
| #define SP_PACKAGE "OpenSP"
| #define SP_VERSION "1.5.1"
| #ifdef __cplusplus
| #include <stdlib.h>
| #endif
| #define STDC_HEADERS 1
| #define HAVE_SYS_TYPES_H 1
| #define HAVE_SYS_STAT_H 1
| #define HAVE_STDLIB_H 1
| #define HAVE_STRING_H 1
| #define HAVE_MEMORY_H 1
| #define HAVE_STRINGS_H 1
| #define HAVE_INTTYPES_H 1
| #define HAVE_STDINT_H 1
| #define HAVE_UNISTD_H 1
| #define HAVE_DLFCN_H 1
| #define HAVE_ALLOCA_H 1
| #define HAVE_ALLOCA 1
| #define HAVE_STDLIB_H 1
| #define HAVE_UNISTD_H 1
| #define HAVE_GETPAGESIZE 1
| #define INTDIV0_RAISES_SIGFPE 1
| #define HAVE_INTTYPES_H_WITH_UINTMAX 1
| #define HAVE_STDINT_H_WITH_UINTMAX 1
| #define HAVE_UNSIGNED_LONG_LONG 1
| #define HAVE_INTTYPES_H 1
| #define HAVE_ARGZ_H 1
| #define HAVE_LIMITS_H 1
| #define HAVE_LOCALE_H 1
| #define HAVE_NL_TYPES_H 1
| #define HAVE_MALLOC_H 1
| #define HAVE_STDDEF_H 1
| #define HAVE_STDLIB_H 1
| #define HAVE_STRING_H 1
| #define HAVE_UNISTD_H 1
| #define HAVE_SYS_PARAM_H 1
| #define HAVE_GETCWD 1
| #define HAVE_GETEGID 1
| #define HAVE_GETEUID 1
| #define HAVE_GETGID 1
| #define HAVE_GETUID 1
| #define HAVE_MEMPCPY 1
| #define HAVE_PUTENV 1
| #define HAVE_SETENV 1
| #define HAVE_SETLOCALE 1
| #define HAVE_STPCPY 1
| #define HAVE_STRCASECMP 1
| #define HAVE_STRDUP 1
| #define HAVE_STRTOUL 1
| #define HAVE_TSEARCH 1
| #define HAVE___ARGZ_COUNT 1
| #define HAVE___ARGZ_STRINGIFY 1
| #define HAVE___ARGZ_NEXT 1
| #define HAVE_ICONV 1
| #define ICONV_CONST const
| #define HAVE_LC_MESSAGES 1
| #define ENABLE_NLS 1
| #define HAVE_LOCALE_H 1
| #define SP_LOCALE_DIR "/usr/local/share/locale"
| #define SP_MESSAGE_DOMAIN "sp4"
| #define STDC_HEADERS 1
| #define HAVE_LIMITS_H 1
| #define HAVE_UNISTD_H 1
| #define HAVE_IO_H 1
| #define HAVE_NEW 1
| #define HAVE_CASSERT 1
| #define HAVE_STRUCT_STAT_ST_BLKSIZE 1
| #define HAVE_ST_BLKSIZE 1
| /* end confdefs.h.  */
| #include <stdio.h>
| #if HAVE_SYS_TYPES_H
| # include <sys/types.h>
| #endif
| #if HAVE_SYS_STAT_H
| # include <sys/stat.h>
| #endif
| #if STDC_HEADERS
| # include <stdlib.h>
| # include <stddef.h>
| #else
| # if HAVE_STDLIB_H
| #  include <stdlib.h>
| # endif
| #endif
| #if HAVE_STRING_H
| # if !STDC_HEADERS && HAVE_MEMORY_H
| #  include <memory.h>
| # endif
| # include <string.h>
| #endif
| #if HAVE_STRINGS_H
| # include <strings.h>
| #endif
| #if HAVE_INTTYPES_H
| # include <inttypes.h>
| #else
| # if HAVE_STDINT_H
| #  include <stdint.h>
| # endif
| #endif
| #if HAVE_UNISTD_H
| # include <unistd.h>
| #endif
| long longval () { return (long) (sizeof (size_t)); }
| unsigned long ulongval () { return (long) (sizeof (size_t)); }
| #include <stdio.h>
| #include <stdlib.h>
| int
| main ()
| {
| 
|   FILE *f = fopen ("conftest.val", "w");
|   if (! f)
|     exit (1);
|   if (((long) (sizeof (size_t))) < 0)
|     {
|       long i = longval ();
|       if (i != ((long) (sizeof (size_t))))
| 	exit (1);
|       fprintf (f, "%ld\n", i);
|     }
|   else
|     {
|       unsigned long i = ulongval ();
|       if (i != ((long) (sizeof (size_t))))
| 	exit (1);
|       fprintf (f, "%lu\n", i);
|     }
|   exit (ferror (f) || fclose (f) != 0);
| 
|   ;
|   return 0;
| }
configure:13913: error: cannot compute sizeof (size_t), 77
See `config.log' for more details.

## ---------------- ##
## Cache variables. ##
## ---------------- ##

ac_cv_type_size_t='yes'
am_cv_CC_dependencies_compiler_type='gcc3'
ac_cv_func_getcwd='yes'
ac_cv_path_XGETTEXT=':'
ac_cv_prog_CXXCPP='g++ -E'
ac_cv_env_CXXFLAGS_value=''
ac_cv_c_bigendian='no'
ac_cv_path_MSGMERGE=':'
am_cv_proto_iconv_arg1='const'
gt_cv_inttypes_pri_broken='no'
ac_cv_header_stdlib_h='yes'
lt_cv_file_magic_cmd='$MAGIC_CMD'
ac_cv_func_strtoul='yes'
ac_cv_func_getuid='yes'
ac_cv_header_nl_types_h='yes'
acl_cv_hardcode_libdir_flag_spec='-L$libdir'
ac_cv_lib_cposix_strerror='no'
ac_cv_prog_cc_g='yes'
ac_cv_env_CXXCPP_set=''
ac_cv_env_LDFLAGS_set=''
ac_cv_header_io_h='yes'
acl_cv_path_LD='K:/gcc335b1/usr/i386-pc-os2-emx/bin/ld.exe'
lt_cv_prog_cc_can_build_shared='yes'
ac_cv_c_compiler_gnu='yes'
ac_cv_exeext='.exe'
ac_cv_env_CFLAGS_set=''
ac_cv_func_setlocale='yes'
acl_cv_sys_lib_dlsearch_path_spec='/lib /usr/lib'
gt_cv_func_gnugettext1_libc='no'
ac_cv_func_mmap_fixed_mapped='no'
ac_cv_func_mempcpy='yes'
jm_ac_cv_header_stdint_h='yes'
jm_ac_cv_header_inttypes_h='yes'
ac_cv_member_struct_stat_st_blksize='yes'
acl_cv_shlibext='dll'
ac_cv_env_CPP_value=''
ac_cv_env_CPPFLAGS_set=''
ac_cv_func_strcasecmp='yes'
acl_cv_hardcode_minus_L='yes'
acl_cv_hardcode_libdir_separator=''
lt_cv_prog_cc_static_works='no'
lt_cv_prog_cc_no_builtin=''
lt_cv_prog_cc_shlib=''
ac_cv_cxx_compiler_gnu='yes'
ac_cv_env_CXX_set=''
am_cv_proto_iconv='extern size_t iconv (iconv_t cd, const char * *inbuf, size_t *inbytesleft, char * *outbuf, size_t *outbytesleft);'
ac_cv_func___argz_count='yes'
ac_cv_type_unsigned_long_long='yes'
lt_cv_prog_cc_static=''
ac_cv_env_host_alias_set=''
ac_cv_func_getegid='yes'
ac_cv_c_const='yes'
ac_cv_path_GMSGFMT=':'
ac_cv_header_osfcn_h='no'
lt_cv_ld_reload_flag='-r'
gt_cv_int_divbyzero_sigfpe='yes'
ac_cv_working_alloca_h='yes'
ac_cv_func_munmap='no'
ac_cv_header_sys_stat_h='yes'
lt_cv_prog_gnu_ld='no'
ac_cv_env_build_alias_set=''
ac_cv_header_limits_h='yes'
ac_cv_env_CXXCPP_value=''
ac_cv_env_LDFLAGS_value=''
ac_cv_env_target_alias_set=''
ac_cv_func_alloca_works='yes'
ac_cv_host_alias='i386-pc-os2-emx'
ac_cv_prog_cc_stdc=''
ac_cv_env_CFLAGS_value=''
ac_cv_env_CC_set='set'
ac_cv_path_MSGFMT=':'
lt_cv_prog_cc_wl='-Wl,'
ac_cv_header_sys_types_h='yes'
ac_cv_header_stdc='yes'
ac_cv_func___argz_stringify='yes'
ac_cv_lib_threads_cthread_fork='no'
ac_cv_header_strings_h='yes'
ac_cv_header_stdint_h='yes'
ac_cv_header_inttypes_h='yes'
ac_cv_prog_egrep='grep -E'
ac_cv_prog_make_make_set='no'
nls_cv_header_intl=''
ac_cv_func___argz_next='yes'
ac_cv_func_setenv='yes'
ac_cv_header_sys_param_h='yes'
ac_cv_header_locale_h='yes'
ac_cv_c_inline='inline'
ac_cv_header_unistd_h='yes'
ac_cv_header_string_h='yes'
lt_cv_global_symbol_to_cdecl='sed -n -e '\''s/^. .* \(.*\)$/extern char \1;/p'\'''
lt_cv_path_LD='K:/gcc335b1/usr/i386-pc-os2-emx/bin/ld.exe'
ac_cv_build_alias='i386-pc-os2-emx'
ac_cv_env_CPPFLAGS_value=''
ac_cv_func_feof_unlocked='no'
acl_cv_libext='a'
gt_cv_header_inttypes_h='yes'
ac_cv_prog_ac_ct_RANLIB=':'
ac_cv_header_memory_h='yes'
ac_cv_env_CXXFLAGS_set=''
ac_cv_env_CXX_value=''
am_cv_langinfo_codeset='no'
ac_cv_prog_ac_ct_STRIP=':'
ac_cv_host='i386-pc-os2-emx'
ac_cv_env_host_alias_value=''
am_cv_val_LC_MESSAGES='yes'
ac_cv_func_geteuid='yes'
ac_cv_func_getc_unlocked='no'
ac_cv_type_off_t='yes'
nls_cv_force_use_gnu_gettext='no'
ac_cv_func_fgets_unlocked='no'
lt_cv_global_symbol_to_c_name_address='sed -n -e '\''s/^: \([^ ]*\) $/  {\"\1\", (lt_ptr) 0},/p'\'' -e '\''s/^[BCDEGRST] \([^ ]*\) \([^ ]*\)$/  {"\2", (lt_ptr) \&\2},/p'\'''
ac_cv_prog_cxx_g='yes'
ac_cv_func_getgid='yes'
lt_cv_compiler_c_o='yes'
lt_cv_prog_cc_pic_works='yes'
lt_cv_file_magic_test_file=''
nls_cv_use_gnu_gettext='yes'
ac_cv_func_tsearch='yes'
ac_cv_header_argz_h='yes'
ac_cv_lib_pthread_pthread_create='no'
ac_cv_build='i386-pc-os2-emx'
am_cv_CXX_dependencies_compiler_type='gcc3'
ac_cv_prog_CPP='gcc.exe -E'
ac_cv_env_build_alias_value=''
ac_cv_header_malloc_h='yes'
ac_cv_func_getpagesize='yes'
lt_cv_prog_cc_pic=' -DDLL_EXPORT'
lt_cv_sys_global_symbol_pipe=''
lt_cv_deplibs_check_method='unknown'
ac_cv_prog_ac_ct_CC='gcc.exe'
am_cv_lib_iconv='yes'
am_cv_func_iconv='yes'
acl_cv_sys_lib_search_path_spec='/lib /usr/lib /usr/local/lib'
acl_cv_wl='-Wl,'
lt_cv_compiler_o_lo='yes'
ac_cv_env_target_alias_value=''
ac_cv_header_stddef_h='yes'
ac_cv_env_CC_value='gcc.exe'
lt_cv_path_NM='K:\gcc335b1\usr\i386-pc-os2-emx\bin/nm -B'
ac_cv_env_CPP_set=''
ac_cv_have_sig_atomic_t='yes'
ac_cv_header_cassert='yes'
gt_cv_func_gnugettext1_libintl='no'
acl_cv_hardcode_direct='no'
ac_cv_header_dlfcn_h='yes'
nls_cv_header_libgt=''
ac_cv_func_strdup='yes'
ac_cv_func_putenv='yes'
acl_cv_rpath='done'
ac_cv_header_new='yes'
ac_cv_func_stpcpy='yes'
acl_cv_prog_gnu_ld='no'
ac_cv_gnu_library_2_1='no'
ac_cv_objext='o'

## ----------------- ##
## Output variables. ##
## ----------------- ##

ACLOCAL='${SHELL} K:/opensp/opensp-1.5.1/missing --run aclocal-1.6'
ac_ct_CC='gcc.exe'
ac_ct_CXX='g++'
ac_ct_RANLIB=':'
ac_ct_STRIP=':'
ALLOCA=''
AMDEPBACKSLASH='\'
AMDEP_FALSE='#'
AMDEP_TRUE=''
AMTAR='${SHELL} K:/opensp/opensp-1.5.1/missing --run tar'
am__include='include'
am__quote=''
AUTOCONF='${SHELL} K:/opensp/opensp-1.5.1/missing --run autoconf'
AUTOHEADER='${SHELL} K:/opensp/opensp-1.5.1/missing --run autoheader'
AUTOMAKE='${SHELL} K:/opensp/opensp-1.5.1/missing --run automake-1.6'
AWK=''
bindir='${exec_prefix}/bin'
build='i386-pc-os2-emx'
build_alias=''
build_cpu='i386'
BUILD_INCLUDED_LIBINTL='yes'
build_os='os2-emx'
build_vendor='pc'
CATOBJEXT='.gmo'
CC='gcc.exe'
CCDEPMODE='depmode=gcc3'
CFLAGS='-g -O2'
CPP='gcc.exe -E'
CPPFLAGS=''
CXX='g++'
CXXCPP='g++ -E'
CXXDEPMODE='depmode=gcc3'
CXXFLAGS='-g -O2'
datadir='${prefix}/share'
DATADIRNAME='share'
DEFS=''
DEPDIR='.deps'
ECHO='echo'
ECHO_C=''
ECHO_N='-n'
ECHO_T=''
EGREP='grep -E'
exec_prefix='NONE'
EXEEXT='.exe'
GENCAT='gencat'
GLIBC21='no'
GMSGFMT=':'
host='i386-pc-os2-emx'
host_alias=''
host_cpu='i386'
host_os='os2-emx'
host_vendor='pc'
includedir='${prefix}/include'
infodir='${prefix}/info'
INSTALL_DATA='${INSTALL} -m 644'
INSTALL_PROGRAM='${INSTALL}'
INSTALL_SCRIPT='${INSTALL}'
install_sh='K:/opensp/opensp-1.5.1/install-sh'
INSTALL_STRIP_PROGRAM='${SHELL} $(install_sh) -c -s'
INSTOBJEXT='.mo'
INTLBISON=':'
INTLLIBS='${top_builddir}/intl/libintl.a -liconv'
INTLOBJS='$(GETTOBJS)'
INTL_LIBTOOL_SUFFIX_PREFIX=''
LDFLAGS=''
libdir='${exec_prefix}/lib'
libexecdir='${exec_prefix}/libexec'
LIBICONV='-liconv'
LIBINTL='${top_builddir}/intl/libintl.a -liconv'
LIBOBJS=''
LIBS=''
LIBTOOL='$(SHELL) $(top_builddir)/libtool'
LN_S='cp -p'
localstatedir='${prefix}/var'
LTLIBICONV='-liconv'
LTLIBINTL='${top_builddir}/intl/libintl.a -liconv'
LTLIBOBJS=''
MAINT='#'
MAINTAINER_MODE_FALSE=''
MAINTAINER_MODE_TRUE='#'
MAKEINFO='${SHELL} K:/opensp/opensp-1.5.1/missing --run makeinfo'
mandir='${prefix}/man'
MKINSTALLDIRS='./mkinstalldirs'
MSGFMT=':'
MSGMERGE=':'
OBJEXT='o'
oldincludedir='/usr/include'
PACKAGE='OpenSP'
PACKAGE_BUGREPORT=''
PACKAGE_NAME=''
PACKAGE_STRING=''
PACKAGE_TARNAME=''
PACKAGE_VERSION=''
PATH_SEPARATOR=';'
PERL='perl'
POSUB='po'
prefix='NONE'
program_transform_name='s,x,x,'
RANLIB=':'
sbindir='${exec_prefix}/sbin'
SET_MAKE='MAKE=make'
sharedstatedir='${prefix}/com'
SHELL='/bin/sh'
SP_LIBOSP_AGE='0'
SP_LIBOSP_CUR='4'
SP_LIBOSP_REV='0'
SP_MESSAGE_DOMAIN='sp4'
STRIP=':'
sysconfdir='${prefix}/etc'
target_alias=''
USE_INCLUDED_LIBINTL='yes'
USE_NLS='yes'
VERSION='1.5.1'
XGETTEXT=':'

## ----------- ##
## confdefs.h. ##
## ----------- ##

#define ENABLE_NLS 1
#define HAVE_ALLOCA 1
#define HAVE_ALLOCA_H 1
#define HAVE_ARGZ_H 1
#define HAVE_CASSERT 1
#define HAVE_DLFCN_H 1
#define HAVE_GETCWD 1
#define HAVE_GETEGID 1
#define HAVE_GETEUID 1
#define HAVE_GETGID 1
#define HAVE_GETPAGESIZE 1
#define HAVE_GETUID 1
#define HAVE_ICONV 1
#define HAVE_INTTYPES_H 1
#define HAVE_INTTYPES_H 1
#define HAVE_INTTYPES_H_WITH_UINTMAX 1
#define HAVE_IO_H 1
#define HAVE_LC_MESSAGES 1
#define HAVE_LIMITS_H 1
#define HAVE_LIMITS_H 1
#define HAVE_LOCALE_H 1
#define HAVE_LOCALE_H 1
#define HAVE_MALLOC_H 1
#define HAVE_MEMORY_H 1
#define HAVE_MEMPCPY 1
#define HAVE_NEW 1
#define HAVE_NL_TYPES_H 1
#define HAVE_PUTENV 1
#define HAVE_SETENV 1
#define HAVE_SETLOCALE 1
#define HAVE_STDDEF_H 1
#define HAVE_STDINT_H 1
#define HAVE_STDINT_H_WITH_UINTMAX 1
#define HAVE_STDLIB_H 1
#define HAVE_STDLIB_H 1
#define HAVE_STDLIB_H 1
#define HAVE_STPCPY 1
#define HAVE_STRCASECMP 1
#define HAVE_STRDUP 1
#define HAVE_STRINGS_H 1
#define HAVE_STRING_H 1
#define HAVE_STRING_H 1
#define HAVE_STRTOUL 1
#define HAVE_STRUCT_STAT_ST_BLKSIZE 1
#define HAVE_ST_BLKSIZE 1
#define HAVE_SYS_PARAM_H 1
#define HAVE_SYS_STAT_H 1
#define HAVE_SYS_TYPES_H 1
#define HAVE_TSEARCH 1
#define HAVE_UNISTD_H 1
#define HAVE_UNISTD_H 1
#define HAVE_UNISTD_H 1
#define HAVE_UNISTD_H 1
#define HAVE_UNSIGNED_LONG_LONG 1
#define HAVE___ARGZ_COUNT 1
#define HAVE___ARGZ_NEXT 1
#define HAVE___ARGZ_STRINGIFY 1
#define ICONV_CONST const
#define INTDIV0_RAISES_SIGFPE 1
#define PACKAGE_BUGREPORT ""
#define PACKAGE_NAME ""
#define PACKAGE_STRING ""
#define PACKAGE_TARNAME ""
#define PACKAGE_VERSION ""
#define SP_LOCALE_DIR "/usr/local/share/locale"
#define SP_MESSAGE_DOMAIN "sp4"
#define SP_MULTI_BYTE 1
#define SP_PACKAGE "OpenSP"
#define SP_VERSION "1.5.1"
#define STDC_HEADERS 1
#define STDC_HEADERS 1
#endif
#ifdef __cplusplus
#include <stdlib.h>

configure: exit 1
